2016-12-19 11:52:43 Info args: E:\不该输掉的比赛\不该输掉的比赛.
2016-12-19 11:52:43 Info args: 李雨涵.docx.
2016-12-19 11:52:43 Info strArg=E:\不该输掉的比赛\不该输掉的比赛 李雨涵.docx 
2016-12-19 11:52:43 Info strArg=E:\不该输掉的比赛\不该输掉的比赛 李雨涵.docx , filapath=E:\不该输掉的比赛\不该输掉的比赛 李雨涵.docx
2016-12-19 11:52:43 Info http://localhost:8986/SelectPPT?filepath=E%3a%5c%e4%b8%8d%e8%af%a5%e8%be%93%e6%8e%89%e7%9a%84%e6%af%94%e8%b5%9b%5c%e4%b8%8d%e8%af%a5%e8%be%93%e6%8e%89%e7%9a%84%e6%af%94%e8%b5%9b+%e6%9d%8e%e9%9b%a8%e6%b6%b5.docx
2016-12-19 11:52:45 Error 无法连接到远程服务器
2016-12-19 11:54:32 Info args: E:\不该输掉的比赛\不该输掉的比赛.
2016-12-19 11:54:32 Info args: 李雨涵.docx.
2016-12-19 11:54:32 Info strArg=E:\不该输掉的比赛\不该输掉的比赛 李雨涵.docx 
2016-12-19 13:06:26 Info args: E:\不该输掉的比赛\不该输掉的比赛.
2016-12-19 13:06:26 Info args: 李雨涵.docx.
2016-12-19 13:06:26 Info strArg=E:\不该输掉的比赛\不该输掉的比赛 李雨涵.docx 
2016-12-19 13:09:46 Info args: E:\不该输掉的比赛\不该输掉的比赛.
2016-12-19 13:09:46 Info args: 李雨涵.docx.
2016-12-19 13:09:46 Info strArg=E:\不该输掉的比赛\不该输掉的比赛 李雨涵.docx 
2016-12-19 13:13:38 Info args: E:\不该输掉的比赛\不该输掉的比赛.
2016-12-19 13:13:38 Info args: 李雨涵.docx.
2016-12-19 13:13:38 Info strArg=E:\不该输掉的比赛\不该输掉的比赛 李雨涵.docx 
2016-12-19 13:23:31 Info args: E:\不该输掉的比赛\不该输掉的比赛.
2016-12-19 13:23:31 Info args: 李雨涵.docx.
2016-12-19 13:23:31 Info strArg=E:\不该输掉的比赛\不该输掉的比赛 李雨涵.docx 
2016-12-19 13:25:42 Info args: E:\不该输掉的比赛\不该输掉的比赛.
2016-12-19 13:25:42 Info args: 李雨涵.docx.
2016-12-19 13:25:42 Info strArg=E:\不该输掉的比赛\不该输掉的比赛 李雨涵.docx 
2016-12-19 13:32:05 Info args: E:\不该输掉的比赛\不该输掉的比赛.
2016-12-19 13:32:05 Info args: 李雨涵.docx.
2016-12-19 13:32:05 Info strArg=E:\不该输掉的比赛\不该输掉的比赛 李雨涵.docx 
2016-12-19 13:33:36 Info args: E:\不该输掉的比赛\不该输掉的比赛.
2016-12-19 13:33:36 Info args: 李雨涵.docx.
2016-12-19 13:33:36 Info strArg=E:\不该输掉的比赛\不该输掉的比赛 
2016-12-19 13:34:18 Info args: E:\不该输掉的比赛\不该输掉的比赛.
2016-12-19 13:34:32 Info args: 李雨涵.docx.
2016-12-19 13:41:13 Info args: E:\不该输掉的比赛\不该输掉的比赛.
2016-12-19 13:41:26 Info args: 李雨涵.docx.
2016-12-19 13:41:36 Info strArg=E:\不该输掉的比赛\不该输掉的比赛 李雨涵.docx
2016-12-19 13:42:04 Info args: E:\不该输掉的比赛\不该输掉的比赛.
2016-12-19 13:42:04 Info args: 李雨涵.docx.
2016-12-19 13:42:04 Info strArg=E:\不该输掉的比赛\不该输掉的比赛 李雨涵.docx
2016-12-19 13:42:43 Info args: E:\不该输掉的比赛\不该输掉的比赛.
2016-12-19 13:42:43 Info args: 李雨涵.docx.
2016-12-19 13:42:43 Info strArg=E:\不该输掉的比赛\不该输掉的比赛 李雨涵.docx
2016-12-19 13:43:01 Info realpath=E:\不该输掉的比赛\不该输掉的比赛    李雨涵.docx
2016-12-19 13:43:11 Info strArg=E:\不该输掉的比赛\不该输掉的比赛 李雨涵.docx, filapath=E:\不该输掉的比赛\不该输掉的比赛    李雨涵.docx
2016-12-19 13:45:05 Info args: E:\不该输掉的比赛\不该输掉的比赛.
2016-12-19 13:45:05 Info args: 李雨涵.docx.
2016-12-19 13:45:05 Info strArg=E:\不该输掉的比赛\不该输掉的比赛 李雨涵.docx
2016-12-19 13:45:05 Info realpath=E:\不该输掉的比赛\不该输掉的比赛    李雨涵.docx
2016-12-19 13:45:05 Info strArg=E:\不该输掉的比赛\不该输掉的比赛 李雨涵.docx, filapath=E:\不该输掉的比赛\不该输掉的比赛    李雨涵.docx
2016-12-19 13:45:05 Info http://localhost:8986/SelectPPT?filepath=E%3a%5c%e4%b8%8d%e8%af%a5%e8%be%93%e6%8e%89%e7%9a%84%e6%af%94%e8%b5%9b%5c%e4%b8%8d%e8%af%a5%e8%be%93%e6%8e%89%e7%9a%84%e6%af%94%e8%b5%9b++++%e6%9d%8e%e9%9b%a8%e6%b6%b5.docx
2016-12-19 13:45:05 Info args: E:\不该输掉的比赛\不该输掉的比赛.
2016-12-19 13:45:05 Info args: 李蕊.docx.
2016-12-19 13:45:05 Info strArg=E:\不该输掉的比赛\不该输掉的比赛 李蕊.docx
2016-12-19 13:45:05 Info realpath=E:\不该输掉的比赛\不该输掉的比赛  李蕊.docx
2016-12-19 13:45:05 Info strArg=E:\不该输掉的比赛\不该输掉的比赛 李蕊.docx, filapath=E:\不该输掉的比赛\不该输掉的比赛  李蕊.docx
2016-12-19 13:45:05 Info http://localhost:8986/SelectPPT?filepath=E%3a%5c%e4%b8%8d%e8%af%a5%e8%be%93%e6%8e%89%e7%9a%84%e6%af%94%e8%b5%9b%5c%e4%b8%8d%e8%af%a5%e8%be%93%e6%8e%89%e7%9a%84%e6%af%94%e8%b5%9b++%e6%9d%8e%e8%95%8a.docx
2016-12-19 13:45:05 Info args: E:\不该输掉的比赛\不该输掉的比赛.
2016-12-19 13:45:05 Info args: 薛雨婷.docx.
2016-12-19 13:45:05 Info strArg=E:\不该输掉的比赛\不该输掉的比赛 薛雨婷.docx
2016-12-19 13:45:05 Info realpath=E:\不该输掉的比赛\不该输掉的比赛    薛雨婷.docx
2016-12-19 13:45:05 Info strArg=E:\不该输掉的比赛\不该输掉的比赛 薛雨婷.docx, filapath=E:\不该输掉的比赛\不该输掉的比赛    薛雨婷.docx
2016-12-19 13:45:05 Info http://localhost:8986/SelectPPT?filepath=E%3a%5c%e4%b8%8d%e8%af%a5%e8%be%93%e6%8e%89%e7%9a%84%e6%af%94%e8%b5%9b%5c%e4%b8%8d%e8%af%a5%e8%be%93%e6%8e%89%e7%9a%84%e6%af%94%e8%b5%9b++++%e8%96%9b%e9%9b%a8%e5%a9%b7.docx
2016-12-19 13:45:05 Info args: E:\不该输掉的比赛\不该输掉的比赛.
2016-12-19 13:45:05 Info args: 刘若.docx.
2016-12-19 13:45:05 Info strArg=E:\不该输掉的比赛\不该输掉的比赛 刘若.docx
2016-12-19 13:45:05 Info realpath=E:\不该输掉的比赛\不该输掉的比赛   刘若.docx
2016-12-19 13:45:05 Info strArg=E:\不该输掉的比赛\不该输掉的比赛 刘若.docx, filapath=E:\不该输掉的比赛\不该输掉的比赛   刘若.docx
2016-12-19 13:45:05 Info http://localhost:8986/SelectPPT?filepath=E%3a%5c%e4%b8%8d%e8%af%a5%e8%be%93%e6%8e%89%e7%9a%84%e6%af%94%e8%b5%9b%5c%e4%b8%8d%e8%af%a5%e8%be%93%e6%8e%89%e7%9a%84%e6%af%94%e8%b5%9b+++%e5%88%98%e8%8b%a5%e5%a7%ae.docx
2016-12-19 13:45:05 Info args: E:\不该输掉的比赛\不该输掉的比赛.
2016-12-19 13:45:06 Info args: 王佳慧.doc.
2016-12-19 13:45:06 Info strArg=E:\不该输掉的比赛\不该输掉的比赛 王佳慧.doc
2016-12-19 13:45:05 Info args: E:\不该输掉的比赛\不该输掉的比赛.
2016-12-19 13:45:06 Info args: 李天慧.docx.
2016-12-19 13:45:06 Info strArg=E:\不该输掉的比赛\不该输掉的比赛 李天慧.docx
2016-12-19 13:45:06 Info realpath=E:\不该输掉的比赛\不该输掉的比赛   李天慧.docx
2016-12-19 13:45:06 Info strArg=E:\不该输掉的比赛\不该输掉的比赛 李天慧.docx, filapath=E:\不该输掉的比赛\不该输掉的比赛   李天慧.docx
2016-12-19 13:45:06 Info http://localhost:8986/SelectPPT?filepath=E%3a%5c%e4%b8%8d%e8%af%a5%e8%be%93%e6%8e%89%e7%9a%84%e6%af%94%e8%b5%9b%5c%e4%b8%8d%e8%af%a5%e8%be%93%e6%8e%89%e7%9a%84%e6%af%94%e8%b5%9b+++%e6%9d%8e%e5%a4%a9%e6%85%a7.docx
2016-12-19 13:45:06 Info strArg=E:\不该输掉的比赛\不该输掉的比赛 王佳慧.doc, filapath=E:\不该输掉的比赛\不该输掉的比赛   王佳慧.doc
2016-12-19 13:45:06 Info http://localhost:8986/SelectPPT?filepath=E%3a%5c%e4%b8%8d%e8%af%a5%e8%be%93%e6%8e%89%e7%9a%84%e6%af%94%e8%b5%9b%5c%e4%b8%8d%e8%af%a5%e8%be%93%e6%8e%89%e7%9a%84%e6%af%94%e8%b5%9b+++%e7%8e%8b%e4%bd%b3%e6%85%a7.doc
2016-12-19 13:45:49 Info args: E:\不该输掉的比赛\《不该输掉的比赛》集.doc.
2016-12-19 13:45:49 Info strArg=E:\不该输掉的比赛\《不该输掉的比赛》集.doc
2016-12-19 13:45:49 Info realpath=E:\不该输掉的比赛\《不该输掉的比赛》集.doc
2016-12-19 13:45:49 Info strArg=E:\不该输掉的比赛\《不该输掉的比赛》集.doc, filapath=E:\不该输掉的比赛\《不该输掉的比赛》集.doc
2016-12-19 13:45:49 Info http://localhost:8986/SelectPPT?filepath=E%3a%5c%e4%b8%8d%e8%af%a5%e8%be%93%e6%8e%89%e7%9a%84%e6%af%94%e8%b5%9b%5c%e3%80%8a%e4%b8%8d%e8%af%a5%e8%be%93%e6%8e%89%e7%9a%84%e6%af%94%e8%b5%9b%e3%80%8b%e9%9b%86.doc
2016-12-19 13:45:49 Info args: E:\不该输掉的比赛\不该失去的比赛.
2016-12-19 13:45:49 Info args: 刘亦潇.docx.
2016-12-19 13:45:49 Info strArg=E:\不该输掉的比赛\不该失去的比赛 刘亦潇.docx
2016-12-19 13:45:49 Info realpath=E:\不该输掉的比赛\不该失去的比赛   刘亦潇.docx
2016-12-19 13:45:49 Info strArg=E:\不该输掉的比赛\不该失去的比赛 刘亦潇.docx, filapath=E:\不该输掉的比赛\不该失去的比赛   刘亦潇.docx
2016-12-19 13:45:49 Info http://localhost:8986/SelectPPT?filepath=E%3a%5c%e4%b8%8d%e8%af%a5%e8%be%93%e6%8e%89%e7%9a%84%e6%af%94%e8%b5%9b%5c%e4%b8%8d%e8%af%a5%e5%a4%b1%e5%8e%bb%e7%9a%84%e6%af%94%e8%b5%9b+++%e5%88%98%e4%ba%a6%e6%bd%87.docx
2016-12-19 13:45:49 Info args: E:\不该输掉的比赛\不该输的比赛.
2016-12-19 13:45:50 Info args: 芮京.doc.
2016-12-19 13:45:50 Info strArg=E:\不该输掉的比赛\不该输的比赛 芮京.doc
2016-12-19 13:45:50 Info realpath=E:\不该输掉的比赛\不该输的比赛  芮京.doc
2016-12-19 13:45:50 Info strArg=E:\不该输掉的比赛\不该输的比赛 芮京.doc, filapath=E:\不该输掉的比赛\不该输的比赛  芮京.doc
2016-12-19 13:45:50 Info http://localhost:8986/SelectPPT?filepath=E%3a%5c%e4%b8%8d%e8%af%a5%e8%be%93%e6%8e%89%e7%9a%84%e6%af%94%e8%b5%9b%5c%e4%b8%8d%e8%af%a5%e8%be%93%e7%9a%84%e6%af%94%e8%b5%9b++%e8%8a%ae%e4%ba%ac.doc
2016-12-19 13:45:50 Info args: E:\不该输掉的比赛\不该输掉的比赛.
2016-12-19 13:45:50 Info args: 薛雨婷.docx.
2016-12-19 13:45:50 Info strArg=E:\不该输掉的比赛\不该输掉的比赛 薛雨婷.docx
2016-12-19 13:45:50 Info realpath=E:\不该输掉的比赛\不该输掉的比赛    薛雨婷.docx
2016-12-19 13:45:50 Info strArg=E:\不该输掉的比赛\不该输掉的比赛 薛雨婷.docx, filapath=E:\不该输掉的比赛\不该输掉的比赛    薛雨婷.docx
2016-12-19 13:45:50 Info http://localhost:8986/SelectPPT?filepath=E%3a%5c%e4%b8%8d%e8%af%a5%e8%be%93%e6%8e%89%e7%9a%84%e6%af%94%e8%b5%9b%5c%e4%b8%8d%e8%af%a5%e8%be%93%e6%8e%89%e7%9a%84%e6%af%94%e8%b5%9b++++%e8%96%9b%e9%9b%a8%e5%a9%b7.docx
2016-12-19 13:45:50 Info args: E:\不该输掉的比赛\不该输掉的比赛.
2016-12-19 13:45:50 Info args: 李雨涵.docx.
2016-12-19 13:45:50 Info strArg=E:\不该输掉的比赛\不该输掉的比赛 李雨涵.docx
2016-12-19 13:45:50 Info realpath=E:\不该输掉的比赛\不该输掉的比赛    李雨涵.docx
2016-12-19 13:45:50 Info strArg=E:\不该输掉的比赛\不该输掉的比赛 李雨涵.docx, filapath=E:\不该输掉的比赛\不该输掉的比赛    李雨涵.docx
2016-12-19 13:45:50 Info http://localhost:8986/SelectPPT?filepath=E%3a%5c%e4%b8%8d%e8%af%a5%e8%be%93%e6%8e%89%e7%9a%84%e6%af%94%e8%b5%9b%5c%e4%b8%8d%e8%af%a5%e8%be%93%e6%8e%89%e7%9a%84%e6%af%94%e8%b5%9b++++%e6%9d%8e%e9%9b%a8%e6%b6%b5.docx
2016-12-19 13:45:50 Info args: E:\不该输掉的比赛\不该输掉的比赛.
2016-12-19 13:45:50 Info args: 刘若.docx.
2016-12-19 13:45:50 Info strArg=E:\不该输掉的比赛\不该输掉的比赛 刘若.docx
2016-12-19 13:45:50 Info realpath=E:\不该输掉的比赛\不该输掉的比赛   刘若.docx
2016-12-19 13:45:50 Info strArg=E:\不该输掉的比赛\不该输掉的比赛 刘若.docx, filapath=E:\不该输掉的比赛\不该输掉的比赛   刘若.docx
2016-12-19 13:45:50 Info http://localhost:8986/SelectPPT?filepath=E%3a%5c%e4%b8%8d%e8%af%a5%e8%be%93%e6%8e%89%e7%9a%84%e6%af%94%e8%b5%9b%5c%e4%b8%8d%e8%af%a5%e8%be%93%e6%8e%89%e7%9a%84%e6%af%94%e8%b5%9b+++%e5%88%98%e8%8b%a5%e5%a7%ae.docx
2016-12-19 13:45:50 Info args: E:\不该输掉的比赛\不该输掉的比赛.
2016-12-19 13:45:50 Info args: 王佳慧.doc.
2016-12-19 13:45:50 Info strArg=E:\不该输掉的比赛\不该输掉的比赛 王佳慧.doc
2016-12-19 13:45:50 Info realpath=E:\不该输掉的比赛\不该输掉的比赛   王佳慧.doc
2016-12-19 13:45:50 Info strArg=E:\不该输掉的比赛\不该输掉的比赛 王佳慧.doc, filapath=E:\不该输掉的比赛\不该输掉的比赛   王佳慧.doc
2016-12-19 13:45:50 Info http://localhost:8986/SelectPPT?filepath=E%3a%5c%e4%b8%8d%e8%af%a5%e8%be%93%e6%8e%89%e7%9a%84%e6%af%94%e8%b5%9b%5c%e4%b8%8d%e8%af%a5%e8%be%93%e6%8e%89%e7%9a%84%e6%af%94%e8%b5%9b+++%e7%8e%8b%e4%bd%b3%e6%85%a7.doc
2016-12-19 13:45:50 Info args: E:\不该输掉的比赛\不该输掉的比赛.
2016-12-19 13:45:50 Info args: 李天慧.docx.
2016-12-19 13:45:50 Info strArg=E:\不该输掉的比赛\不该输掉的比赛 李天慧.docx
2016-12-19 13:45:50 Info realpath=E:\不该输掉的比赛\不该输掉的比赛   李天慧.docx
2016-12-19 13:45:50 Info strArg=E:\不该输掉的比赛\不该输掉的比赛 李天慧.docx, filapath=E:\不该输掉的比赛\不该输掉的比赛   李天慧.docx
2016-12-19 13:45:50 Info http://localhost:8986/SelectPPT?filepath=E%3a%5c%e4%b8%8d%e8%af%a5%e8%be%93%e6%8e%89%e7%9a%84%e6%af%94%e8%b5%9b%5c%e4%b8%8d%e8%af%a5%e8%be%93%e6%8e%89%e7%9a%84%e6%af%94%e8%b5%9b+++%e6%9d%8e%e5%a4%a9%e6%85%a7.docx
2016-12-19 13:45:51 Info args: E:\不该输掉的比赛\不该输掉的比赛.pptx.
2016-12-19 13:45:51 Info strArg=E:\不该输掉的比赛\不该输掉的比赛.pptx
2016-12-19 13:45:51 Info realpath=E:\不该输掉的比赛\不该输掉的比赛.pptx
2016-12-19 13:45:51 Info strArg=E:\不该输掉的比赛\不该输掉的比赛.pptx, filapath=E:\不该输掉的比赛\不该输掉的比赛.pptx
2016-12-19 13:45:51 Info http://localhost:8986/SelectPPT?filepath=E%3a%5c%e4%b8%8d%e8%af%a5%e8%be%93%e6%8e%89%e7%9a%84%e6%af%94%e8%b5%9b%5c%e4%b8%8d%e8%af%a5%e8%be%93%e6%8e%89%e7%9a%84%e6%af%94%e8%b5%9b.pptx
2016-12-19 13:45:51 Info args: E:\不该输掉的比赛\不该输掉的比赛.
2016-12-19 13:45:51 Info args: 李蕊.docx.
2016-12-19 13:45:51 Info strArg=E:\不该输掉的比赛\不该输掉的比赛 李蕊.docx
2016-12-19 13:45:51 Info realpath=E:\不该输掉的比赛\不该输掉的比赛  李蕊.docx
2016-12-19 13:45:51 Info strArg=E:\不该输掉的比赛\不该输掉的比赛 李蕊.docx, filapath=E:\不该输掉的比赛\不该输掉的比赛  李蕊.docx
2016-12-19 13:45:51 Info http://localhost:8986/SelectPPT?filepath=E%3a%5c%e4%b8%8d%e8%af%a5%e8%be%93%e6%8e%89%e7%9a%84%e6%af%94%e8%b5%9b%5c%e4%b8%8d%e8%af%a5%e8%be%93%e6%8e%89%e7%9a%84%e6%af%94%e8%b5%9b++%e6%9d%8e%e8%95%8a.docx
2016-12-19 13:45:51 Info args: E:\不该输掉的比赛\樊佳慧作文.doc.
2016-12-19 13:45:51 Info strArg=E:\不该输掉的比赛\樊佳慧作文.doc
2016-12-19 13:45:51 Info realpath=E:\不该输掉的比赛\樊佳慧作文.doc
2016-12-19 13:45:51 Info strArg=E:\不该输掉的比赛\樊佳慧作文.doc, filapath=E:\不该输掉的比赛\樊佳慧作文.doc
2016-12-19 13:45:51 Info http://localhost:8986/SelectPPT?filepath=E%3a%5c%e4%b8%8d%e8%af%a5%e8%be%93%e6%8e%89%e7%9a%84%e6%af%94%e8%b5%9b%5c%e6%a8%8a%e4%bd%b3%e6%85%a7%e4%bd%9c%e6%96%87.doc
2016-12-19 13:45:51 Info args: E:\不该输掉的比赛\李文的作文.doc.
2016-12-19 13:45:51 Info strArg=E:\不该输掉的比赛\李文的作文.doc
2016-12-19 13:45:51 Info realpath=E:\不该输掉的比赛\李文的作文.doc
2016-12-19 13:45:51 Info strArg=E:\不该输掉的比赛\李文的作文.doc, filapath=E:\不该输掉的比赛\李文的作文.doc
2016-12-19 13:45:51 Info http://localhost:8986/SelectPPT?filepath=E%3a%5c%e4%b8%8d%e8%af%a5%e8%be%93%e6%8e%89%e7%9a%84%e6%af%94%e8%b5%9b%5c%e6%9d%8e%e6%96%87%e7%9a%84%e4%bd%9c%e6%96%87.doc
2016-12-19 13:45:51 Info args: E:\不该输掉的比赛\樊家强作文.docx.
2016-12-19 13:45:51 Info strArg=E:\不该输掉的比赛\樊家强作文.docx
2016-12-19 13:45:51 Info realpath=E:\不该输掉的比赛\樊家强作文.docx
2016-12-19 13:45:51 Info strArg=E:\不该输掉的比赛\樊家强作文.docx, filapath=E:\不该输掉的比赛\樊家强作文.docx
2016-12-19 13:45:51 Info http://localhost:8986/SelectPPT?filepath=E%3a%5c%e4%b8%8d%e8%af%a5%e8%be%93%e6%8e%89%e7%9a%84%e6%af%94%e8%b5%9b%5c%e6%a8%8a%e5%ae%b6%e5%bc%ba%e4%bd%9c%e6%96%87.docx
2016-12-19 13:45:51 Info args: E:\不该输掉的比赛\一场不该输掉的比赛.
2016-12-19 13:45:51 Info args: 朱润泽.docx.
2016-12-19 13:45:51 Info strArg=E:\不该输掉的比赛\一场不该输掉的比赛 朱润泽.docx
2016-12-19 13:45:51 Info realpath=E:\不该输掉的比赛\一场不该输掉的比赛   朱润泽.docx
2016-12-19 13:45:51 Info strArg=E:\不该输掉的比赛\一场不该输掉的比赛 朱润泽.docx, filapath=E:\不该输掉的比赛\一场不该输掉的比赛   朱润泽.docx
2016-12-19 13:45:51 Info http://localhost:8986/SelectPPT?filepath=E%3a%5c%e4%b8%8d%e8%af%a5%e8%be%93%e6%8e%89%e7%9a%84%e6%af%94%e8%b5%9b%5c%e4%b8%80%e5%9c%ba%e4%b8%8d%e8%af%a5%e8%be%93%e6%8e%89%e7%9a%84%e6%af%94%e8%b5%9b+++%e6%9c%b1%e6%b6%a6%e6%b3%bd.docx
2016-12-19 13:45:51 Info args: E:\不该输掉的比赛\肖红岩的作文.doc.
2016-12-19 13:45:51 Info strArg=E:\不该输掉的比赛\肖红岩的作文.doc
2016-12-19 13:45:51 Info realpath=E:\不该输掉的比赛\肖红岩的作文.doc
2016-12-19 13:45:51 Info strArg=E:\不该输掉的比赛\肖红岩的作文.doc, filapath=E:\不该输掉的比赛\肖红岩的作文.doc
2016-12-19 13:45:51 Info http://localhost:8986/SelectPPT?filepath=E%3a%5c%e4%b8%8d%e8%af%a5%e8%be%93%e6%8e%89%e7%9a%84%e6%af%94%e8%b5%9b%5c%e8%82%96%e7%ba%a2%e5%b2%a9%e7%9a%84%e4%bd%9c%e6%96%87.doc
2016-12-28 10:07:42 Info args: D:\PPT\组网方案.pptx.
2016-12-28 10:07:42 Info strArg=D:\PPT\组网方案.pptx
2016-12-28 10:07:42 Info realpath=D:\PPT\组网方案.pptx
2016-12-28 10:07:42 Info strArg=D:\PPT\组网方案.pptx, filapath=D:\PPT\组网方案.pptx
2016-12-28 10:07:42 Info http://localhost:8986/SelectPPT?filepath=D%3a%5cPPT%5c%e7%bb%84%e7%bd%91%e6%96%b9%e6%a1%88.pptx
2017-01-05 09:42:44 Info args: E:\PPT\五年级下册数学课件_众数.ppt.
2017-01-05 09:42:44 Info strArg=E:\PPT\五年级下册数学课件_众数.ppt
2017-01-05 09:42:44 Info realpath=E:\PPT\五年级下册数学课件_众数.ppt
2017-01-05 09:42:44 Info strArg=E:\PPT\五年级下册数学课件_众数.ppt, filapath=E:\PPT\五年级下册数学课件_众数.ppt
2017-01-05 09:42:44 Info http://localhost:8986/SelectPPT?filepath=E%3a%5cPPT%5c%e4%ba%94%e5%b9%b4%e7%ba%a7%e4%b8%8b%e5%86%8c%e6%95%b0%e5%ad%a6%e8%af%be%e4%bb%b6_%e4%bc%97%e6%95%b0.ppt
2017-01-06 14:45:50 Info args: E:\不该输掉的比赛\不该输掉的比赛.
2017-01-06 14:45:51 Info args: 李雨涵.docx.
2017-01-06 14:45:51 Info strArg=E:\不该输掉的比赛\不该输掉的比赛 李雨涵.docx
2017-01-06 18:07:25 Info args: E:\PPT\TestDocx.docx.
2017-01-06 18:07:25 Info strArg=E:\PPT\TestDocx.docx
2017-01-06 18:07:25 Info realpath=E:\PPT\TestDocx.docx
2017-01-06 18:07:25 Info strArg=E:\PPT\TestDocx.docx, filapath=E:\PPT\TestDocx.docx
2017-01-06 18:07:25 Info http://localhost:8986/SelectPPT?filepath=E%3a%5cPPT%5cTestDocx.docx
2017-01-06 18:10:56 Info args: E:\PPT\TestDocx.docx.
2017-01-06 18:10:56 Info strArg=E:\PPT\TestDocx.docx
2017-01-06 18:10:56 Info realpath=E:\PPT\TestDocx.docx
2017-01-06 18:10:56 Info strArg=E:\PPT\TestDocx.docx, filapath=E:\PPT\TestDocx.docx
2017-01-06 18:10:56 Info http://localhost:8986/SelectPPT?filepath=E%3a%5cPPT%5cTestDocx.docx
2017-01-06 18:13:52 Info args: E:\PPT\TestDocx.docx.
2017-01-06 18:13:52 Info strArg=E:\PPT\TestDocx.docx
2017-01-06 18:13:52 Info realpath=E:\PPT\TestDocx.docx
2017-01-06 18:13:52 Info strArg=E:\PPT\TestDocx.docx, filapath=E:\PPT\TestDocx.docx
2017-01-06 18:13:52 Info http://localhost:8986/SelectPPT?filepath=E%3a%5cPPT%5cTestDocx.docx
2017-01-06 18:15:23 Info args: E:\PPT\ruyi.pdf.
2017-01-06 18:15:23 Info strArg=E:\PPT\ruyi.pdf
2017-01-06 18:15:23 Info realpath=E:\PPT\ruyi.pdf
2017-01-06 18:15:23 Info strArg=E:\PPT\ruyi.pdf, filapath=E:\PPT\ruyi.pdf
2017-01-06 18:15:23 Info http://localhost:8986/SelectPPT?filepath=E%3a%5cPPT%5cruyi.pdf
2017-01-07 09:56:07 Info args: E:\PPT\TestPDF.pdf.
2017-01-07 09:56:07 Info strArg=E:\PPT\TestPDF.pdf
2017-01-07 09:56:07 Info realpath=E:\PPT\TestPDF.pdf
2017-01-07 09:56:07 Info strArg=E:\PPT\TestPDF.pdf, filapath=E:\PPT\TestPDF.pdf
2017-01-07 09:56:07 Info http://localhost:8986/SelectPPT?filepath=E%3a%5cPPT%5cTestPDF.pdf
2017-01-07 09:56:38 Info args: E:\PPT\TestPDF.pdf.
2017-01-07 09:56:38 Info strArg=E:\PPT\TestPDF.pdf
2017-01-07 09:56:38 Info realpath=E:\PPT\TestPDF.pdf
2017-01-07 09:56:38 Info strArg=E:\PPT\TestPDF.pdf, filapath=E:\PPT\TestPDF.pdf
2017-01-07 09:56:38 Info http://localhost:8986/SelectPPT?filepath=E%3a%5cPPT%5cTestPDF.pdf
2017-01-07 10:03:33 Info args: E:\PPT\TestPDF.pdf.
2017-01-07 10:03:34 Info strArg=E:\PPT\TestPDF.pdf
2017-01-07 10:03:34 Info realpath=E:\PPT\TestPDF.pdf
2017-01-07 10:03:34 Info strArg=E:\PPT\TestPDF.pdf, filapath=E:\PPT\TestPDF.pdf
2017-01-07 10:03:34 Info http://localhost:8986/SelectPPT?filepath=E%3a%5cPPT%5cTestPDF.pdf
2017-01-07 10:05:01 Info args: E:\PPT\TestPDF.pdf.
2017-01-07 10:05:01 Info strArg=E:\PPT\TestPDF.pdf
2017-01-07 10:05:01 Info realpath=E:\PPT\TestPDF.pdf
2017-01-07 10:05:01 Info strArg=E:\PPT\TestPDF.pdf, filapath=E:\PPT\TestPDF.pdf
2017-01-07 10:05:01 Info http://localhost:8986/SelectPPT?filepath=E%3a%5cPPT%5cTestPDF.pdf
2017-01-07 10:05:07 Info args: E:\PPT\TestPDF.pdf.
2017-01-07 10:05:07 Info strArg=E:\PPT\TestPDF.pdf
2017-01-07 10:05:07 Info realpath=E:\PPT\TestPDF.pdf
2017-01-07 10:05:07 Info strArg=E:\PPT\TestPDF.pdf, filapath=E:\PPT\TestPDF.pdf
2017-01-07 10:05:07 Info http://localhost:8986/SelectPPT?filepath=E%3a%5cPPT%5cTestPDF.pdf
2017-01-07 10:05:15 Info args: E:\PPT\TestPDF.pdf.
2017-01-07 10:05:15 Info strArg=E:\PPT\TestPDF.pdf
2017-01-07 10:05:15 Info realpath=E:\PPT\TestPDF.pdf
2017-01-07 10:05:15 Info strArg=E:\PPT\TestPDF.pdf, filapath=E:\PPT\TestPDF.pdf
2017-01-07 10:05:15 Info http://localhost:8986/SelectPPT?filepath=E%3a%5cPPT%5cTestPDF.pdf
2017-01-07 10:07:59 Info args: E:\PPT\TestPDF.pdf.
2017-01-07 10:07:59 Info strArg=E:\PPT\TestPDF.pdf
2017-01-07 10:07:59 Info realpath=E:\PPT\TestPDF.pdf
2017-01-07 10:07:59 Info strArg=E:\PPT\TestPDF.pdf, filapath=E:\PPT\TestPDF.pdf
2017-01-07 10:07:59 Info http://localhost:8986/SelectPPT?filepath=E%3a%5cPPT%5cTestPDF.pdf
2017-01-07 10:08:14 Info args: E:\PPT\TestDocx.docx.
2017-01-07 10:08:14 Info strArg=E:\PPT\TestDocx.docx
2017-01-07 10:08:14 Info realpath=E:\PPT\TestDocx.docx
2017-01-07 10:08:14 Info strArg=E:\PPT\TestDocx.docx, filapath=E:\PPT\TestDocx.docx
2017-01-07 10:08:14 Info http://localhost:8986/SelectPPT?filepath=E%3a%5cPPT%5cTestDocx.docx
2017-01-07 10:10:07 Info args: E:\PPT\TestPDF.pdf.
2017-01-07 10:10:07 Info strArg=E:\PPT\TestPDF.pdf
2017-01-07 10:10:07 Info realpath=E:\PPT\TestPDF.pdf
2017-01-07 10:10:07 Info strArg=E:\PPT\TestPDF.pdf, filapath=E:\PPT\TestPDF.pdf
2017-01-07 10:10:07 Info http://localhost:8986/SelectPPT?filepath=E%3a%5cPPT%5cTestPDF.pdf
2017-01-07 10:10:07 Info args: E:\PPT\TestDocx.docx.
2017-01-07 10:10:07 Info strArg=E:\PPT\TestDocx.docx
2017-01-07 10:10:07 Info realpath=E:\PPT\TestDocx.docx
2017-01-07 10:10:07 Info strArg=E:\PPT\TestDocx.docx, filapath=E:\PPT\TestDocx.docx
2017-01-07 10:10:07 Info http://localhost:8986/SelectPPT?filepath=E%3a%5cPPT%5cTestDocx.docx
2017-01-07 10:10:56 Info args: E:\PPT\TestDocx.docx.
2017-01-07 10:10:56 Info strArg=E:\PPT\TestDocx.docx
2017-01-07 10:10:56 Info realpath=E:\PPT\TestDocx.docx
2017-01-07 10:10:56 Info strArg=E:\PPT\TestDocx.docx, filapath=E:\PPT\TestDocx.docx
2017-01-07 10:10:56 Info http://localhost:8986/SelectPPT?filepath=E%3a%5cPPT%5cTestDocx.docx
2017-01-07 10:10:56 Info args: E:\PPT\ruyi.pdf.
2017-01-07 10:10:56 Info strArg=E:\PPT\ruyi.pdf
2017-01-07 10:10:56 Info realpath=E:\PPT\ruyi.pdf
2017-01-07 10:10:56 Info strArg=E:\PPT\ruyi.pdf, filapath=E:\PPT\ruyi.pdf
2017-01-07 10:10:56 Info http://localhost:8986/SelectPPT?filepath=E%3a%5cPPT%5cruyi.pdf
2017-01-07 10:19:07 Info args: E:\PPT\ruyi.pdf.
2017-01-07 10:19:07 Info strArg=E:\PPT\ruyi.pdf
2017-01-07 10:19:07 Info realpath=E:\PPT\ruyi.pdf
2017-01-07 10:19:07 Info strArg=E:\PPT\ruyi.pdf, filapath=E:\PPT\ruyi.pdf
2017-01-07 10:19:07 Info http://localhost:8986/SelectPPT?filepath=E%3a%5cPPT%5cruyi.pdf
2017-01-07 10:20:04 Info args: E:\PPT\TestDocx.docx.
2017-01-07 10:20:05 Info strArg=E:\PPT\TestDocx.docx
2017-01-07 10:20:05 Info realpath=E:\PPT\TestDocx.docx
2017-01-07 10:20:05 Info strArg=E:\PPT\TestDocx.docx, filapath=E:\PPT\TestDocx.docx
2017-01-07 10:20:05 Info http://localhost:8986/SelectPPT?filepath=E%3a%5cPPT%5cTestDocx.docx
2017-01-07 10:20:22 Error 无法连接到远程服务器
2017-01-07 10:22:54 Info args: E:\PPT\TestDocx.docx.
2017-01-07 10:22:54 Info strArg=E:\PPT\TestDocx.docx
2017-01-07 10:22:54 Info realpath=E:\PPT\TestDocx.docx
2017-01-07 10:22:54 Info strArg=E:\PPT\TestDocx.docx, filapath=E:\PPT\TestDocx.docx
2017-01-07 10:22:54 Info http://localhost:8986/SelectPPT?filepath=E%3a%5cPPT%5cTestDocx.docx
2017-01-07 10:22:54 Info args: E:\PPT\top3.png.
2017-01-07 10:22:54 Info strArg=E:\PPT\top3.png
2017-01-07 10:22:54 Info realpath=E:\PPT\top3.png
2017-01-07 10:22:54 Info strArg=E:\PPT\top3.png, filapath=E:\PPT\top3.png
2017-01-07 10:22:54 Info http://localhost:8986/SelectPPT?filepath=E%3a%5cPPT%5ctop3.png
2017-01-07 10:22:54 Info args: E:\PPT\tet.pptx.
2017-01-07 10:22:54 Info strArg=E:\PPT\tet.pptx
2017-01-07 10:22:54 Info realpath=E:\PPT\tet.pptx
2017-01-07 10:22:54 Info strArg=E:\PPT\tet.pptx, filapath=E:\PPT\tet.pptx
2017-01-07 10:22:54 Info http://localhost:8986/SelectPPT?filepath=E%3a%5cPPT%5ctet.pptx
2017-01-07 10:32:18 Info args: E:\PPT\ruyi.pdf.
2017-01-07 10:32:18 Info strArg=E:\PPT\ruyi.pdf
2017-01-07 10:32:18 Info realpath=E:\PPT\ruyi.pdf
2017-01-07 10:32:18 Info strArg=E:\PPT\ruyi.pdf, filapath=E:\PPT\ruyi.pdf
2017-01-07 10:32:18 Info http://localhost:8986/SelectPPT?filepath=E%3a%5cPPT%5cruyi.pdf
2017-01-07 10:32:18 Info strArg=E:\PPT\tet.pptx
2017-01-07 10:32:18 Info realpath=E:\PPT\tet.pptx
2017-01-07 10:32:18 Info strArg=E:\PPT\tet.pptx, filapath=E:\PPT\tet.pptx
2017-01-07 10:32:18 Info http://localhost:8986/SelectPPT?filepath=E%3a%5cPPT%5ctet.pptx
2017-01-07 10:32:18 Info args: E:\PPT\TestDocx.docx.
2017-01-07 10:32:18 Info strArg=E:\PPT\TestDocx.docx
2017-01-07 10:32:18 Info realpath=E:\PPT\TestDocx.docx
2017-01-07 10:32:18 Info strArg=E:\PPT\TestDocx.docx, filapath=E:\PPT\TestDocx.docx
2017-01-07 10:32:18 Info args: E:\PPT\top3.png.
2017-01-07 10:32:18 Info strArg=E:\PPT\top3.png
2017-01-07 10:32:18 Info realpath=E:\PPT\top3.png
2017-01-07 10:32:18 Info strArg=E:\PPT\top3.png, filapath=E:\PPT\top3.png
2017-01-07 10:32:18 Info http://localhost:8986/SelectPPT?filepath=E%3a%5cPPT%5cTestDocx.docx
2017-01-07 10:32:18 Info http://localhost:8986/SelectPPT?filepath=E%3a%5cPPT%5ctop3.png
2017-01-07 10:33:31 Error 无法连接到远程服务器
2017-01-07 10:33:31 Error 无法连接到远程服务器
2017-01-07 10:33:31 Error 无法连接到远程服务器
2017-01-07 10:36:11 Info args: E:\PPT\ruyi.pdf.
2017-01-07 10:36:12 Info strArg=E:\PPT\ruyi.pdf
2017-01-07 10:36:11 Info args: E:\PPT\TestDocx.docx.
2017-01-07 10:36:12 Info strArg=E:\PPT\TestDocx.docx
2017-01-07 10:36:12 Info realpath=E:\PPT\TestDocx.docx
2017-01-07 10:36:12 Info strArg=E:\PPT\TestDocx.docx, filapath=E:\PPT\TestDocx.docx
2017-01-07 10:36:12 Info strArg=E:\PPT\ruyi.pdf, filapath=E:\PPT\ruyi.pdf
2017-01-07 10:36:12 Info http://localhost:8986/SelectPPT?filepath=E%3a%5cPPT%5cTestDocx.docx
2017-01-07 10:36:12 Info http://localhost:8986/SelectPPT?filepath=E%3a%5cPPT%5cruyi.pdf
2017-01-07 10:36:12 Info args: E:\PPT\tet.pptx.
2017-01-07 10:36:12 Info strArg=E:\PPT\tet.pptx
2017-01-07 10:36:12 Info realpath=E:\PPT\tet.pptx
2017-01-07 10:36:12 Info strArg=E:\PPT\tet.pptx, filapath=E:\PPT\tet.pptx
2017-01-07 10:36:12 Info args: E:\PPT\top3.png.
2017-01-07 10:36:12 Info strArg=E:\PPT\top3.png
2017-01-07 10:36:12 Info realpath=E:\PPT\top3.png
2017-01-07 10:36:12 Info strArg=E:\PPT\top3.png, filapath=E:\PPT\top3.png
2017-01-07 10:36:12 Info http://localhost:8986/SelectPPT?filepath=E%3a%5cPPT%5ctet.pptx
2017-01-07 10:36:12 Info http://localhost:8986/SelectPPT?filepath=E%3a%5cPPT%5ctop3.png
2017-01-07 10:38:48 Info args: E:\PPT\ruyi.pdf.
2017-01-07 10:38:48 Info strArg=E:\PPT\ruyi.pdf
2017-01-07 10:38:48 Info realpath=E:\PPT\ruyi.pdf
2017-01-07 10:38:48 Info strArg=E:\PPT\ruyi.pdf, filapath=E:\PPT\ruyi.pdf
2017-01-07 10:38:48 Info http://localhost:8986/SelectPPT?filepath=E%3a%5cPPT%5cruyi.pdf
2017-01-07 10:39:40 Info args: E:\PPT\TestDocx.docx.
2017-01-07 10:39:40 Info strArg=E:\PPT\TestDocx.docx
2017-01-07 10:39:40 Info realpath=E:\PPT\TestDocx.docx
2017-01-07 10:39:40 Info strArg=E:\PPT\TestDocx.docx, filapath=E:\PPT\TestDocx.docx
2017-01-07 10:39:40 Info http://localhost:8986/SelectPPT?filepath=E%3a%5cPPT%5cTestDocx.docx
2017-01-07 10:39:40 Info args: E:\PPT\tet.pptx.
2017-01-07 10:39:40 Info strArg=E:\PPT\tet.pptx
2017-01-07 10:39:40 Info realpath=E:\PPT\tet.pptx
2017-01-07 10:39:40 Info strArg=E:\PPT\tet.pptx, filapath=E:\PPT\tet.pptx
2017-01-07 10:39:40 Info http://localhost:8986/SelectPPT?filepath=E%3a%5cPPT%5ctet.pptx
2017-01-07 10:39:40 Info args: E:\PPT\TestDoc.doc.
2017-01-07 10:39:40 Info strArg=E:\PPT\TestDoc.doc
2017-01-07 10:39:40 Info realpath=E:\PPT\TestDoc.doc
2017-01-07 10:39:40 Info strArg=E:\PPT\TestDoc.doc, filapath=E:\PPT\TestDoc.doc
2017-01-07 10:39:40 Info http://localhost:8986/SelectPPT?filepath=E%3a%5cPPT%5cTestDoc.doc
2017-01-07 10:39:40 Info args: E:\PPT\top3.png.
2017-01-07 10:39:40 Info strArg=E:\PPT\top3.png
2017-01-07 10:39:40 Info realpath=E:\PPT\top3.png
2017-01-07 10:39:40 Info strArg=E:\PPT\top3.png, filapath=E:\PPT\top3.png
2017-01-07 10:39:40 Info http://localhost:8986/SelectPPT?filepath=E%3a%5cPPT%5ctop3.png
2017-01-07 10:41:20 Error 操作超时
2017-01-07 10:41:20 Error 操作超时
2017-01-10 09:38:57 Info args: E:\PPT\ruyi.pdf.
2017-01-10 09:38:57 Info strArg=E:\PPT\ruyi.pdf
2017-01-10 09:38:57 Info realpath=E:\PPT\ruyi.pdf
2017-01-10 09:38:57 Info strArg=E:\PPT\ruyi.pdf, filapath=E:\PPT\ruyi.pdf
2017-01-10 09:38:57 Info http://localhost:8986/SelectPPT?filepath=E%3a%5cPPT%5cruyi.pdf
2017-01-10 10:10:05 Info args: E:\PPT\ruyi.pdf.
2017-01-10 10:10:05 Info strArg=E:\PPT\ruyi.pdf
2017-01-10 10:10:05 Info realpath=E:\PPT\ruyi.pdf
2017-01-10 10:10:05 Info strArg=E:\PPT\ruyi.pdf, filapath=E:\PPT\ruyi.pdf
2017-01-10 10:10:05 Info http://localhost:8986/SelectPPT?filepath=E%3a%5cPPT%5cruyi.pdf
2017-01-10 13:34:20 Info args: E:\PPT\TestDocx.docx.
2017-01-10 13:34:20 Info strArg=E:\PPT\TestDocx.docx
2017-01-10 13:34:20 Info realpath=E:\PPT\TestDocx.docx
2017-01-10 13:34:20 Info strArg=E:\PPT\TestDocx.docx, filapath=E:\PPT\TestDocx.docx
2017-01-10 13:34:20 Info http://localhost:8986/SelectPPT?filepath=E%3a%5cPPT%5cTestDocx.docx
2017-01-10 14:16:30 Info args: E:\PPT\TestDocx.docx.
2017-01-10 14:16:30 Info strArg=E:\PPT\TestDocx.docx
2017-01-10 14:16:30 Info realpath=E:\PPT\TestDocx.docx
2017-01-10 14:16:30 Info strArg=E:\PPT\TestDocx.docx, filapath=E:\PPT\TestDocx.docx
2017-01-10 14:16:30 Info http://localhost:8986/SelectPPT?filepath=E%3a%5cPPT%5cTestDocx.docx
2017-01-10 14:21:46 Info args: E:\PPT\ruyi.pdf.
2017-01-10 14:21:46 Info strArg=E:\PPT\ruyi.pdf
2017-01-10 14:21:46 Info realpath=E:\PPT\ruyi.pdf
2017-01-10 14:21:46 Info strArg=E:\PPT\ruyi.pdf, filapath=E:\PPT\ruyi.pdf
2017-01-10 14:21:46 Info http://localhost:8986/SelectPPT?filepath=E%3a%5cPPT%5cruyi.pdf
2017-01-10 15:22:35 Info args: E:\PPT\ruyi.pdf.
2017-01-10 15:22:35 Info strArg=E:\PPT\ruyi.pdf
2017-01-10 15:22:35 Info realpath=E:\PPT\ruyi.pdf
2017-01-10 15:22:35 Info strArg=E:\PPT\ruyi.pdf, filapath=E:\PPT\ruyi.pdf
2017-01-10 15:22:36 Info http://localhost:8986/SelectPPT?filepath=E%3a%5cPPT%5cruyi.pdf
2017-01-10 15:22:42 Info args: E:\PPT\TestDocx.docx.
2017-01-10 15:22:42 Info strArg=E:\PPT\TestDocx.docx
2017-01-10 15:22:42 Info realpath=E:\PPT\TestDocx.docx
2017-01-10 15:22:42 Info strArg=E:\PPT\TestDocx.docx, filapath=E:\PPT\TestDocx.docx
2017-01-10 15:22:42 Info http://localhost:8986/SelectPPT?filepath=E%3a%5cPPT%5cTestDocx.docx
2017-01-10 15:32:29 Info args: E:\PPT\ruyi.pdf.
2017-01-10 15:32:29 Info strArg=E:\PPT\ruyi.pdf
2017-01-10 15:32:29 Info realpath=E:\PPT\ruyi.pdf
2017-01-10 15:32:29 Info strArg=E:\PPT\ruyi.pdf, filapath=E:\PPT\ruyi.pdf
2017-01-10 15:32:29 Info http://localhost:8986/SelectPPT?filepath=E%3a%5cPPT%5cruyi.pdf
2017-01-10 15:34:45 Info args: E:\PPT\ruyi.pdf.
2017-01-10 15:34:45 Info strArg=E:\PPT\ruyi.pdf
2017-01-10 15:34:45 Info realpath=E:\PPT\ruyi.pdf
2017-01-10 15:34:45 Info strArg=E:\PPT\ruyi.pdf, filapath=E:\PPT\ruyi.pdf
2017-01-10 15:34:45 Info http://localhost:8986/SelectPPT?filepath=E%3a%5cPPT%5cruyi.pdf
2017-01-19 11:44:06 Info args: E:\PPT\演示课件《分米的认识》.ppt.
2017-01-19 11:44:07 Info strArg=E:\PPT\演示课件《分米的认识》.ppt
2017-01-19 11:44:07 Info realpath=E:\PPT\演示课件《分米的认识》.ppt
2017-01-19 11:44:07 Info strArg=E:\PPT\演示课件《分米的认识》.ppt, filapath=E:\PPT\演示课件《分米的认识》.ppt
2017-01-19 11:44:07 Info http://localhost:8986/SelectPPT?filepath=E%3a%5cPPT%5c%e6%bc%94%e7%a4%ba%e8%af%be%e4%bb%b6%e3%80%8a%e5%88%86%e7%b1%b3%e7%9a%84%e8%ae%a4%e8%af%86%e3%80%8b.ppt
2017-01-19 11:45:48 Info args: E:\PPT\演示课件《分米的认识》.ppt.
2017-01-19 11:45:49 Info strArg=E:\PPT\演示课件《分米的认识》.ppt
2017-01-19 11:45:49 Info realpath=E:\PPT\演示课件《分米的认识》.ppt
2017-01-19 11:45:49 Info strArg=E:\PPT\演示课件《分米的认识》.ppt, filapath=E:\PPT\演示课件《分米的认识》.ppt
2017-01-19 11:45:49 Info http://localhost:8986/SelectPPT?filepath=E%3a%5cPPT%5c%e6%bc%94%e7%a4%ba%e8%af%be%e4%bb%b6%e3%80%8a%e5%88%86%e7%b1%b3%e7%9a%84%e8%ae%a4%e8%af%86%e3%80%8b.ppt
2017-01-19 11:53:33 Info args: E:\PPT\演示课件《分米的认识》.ppt.
2017-01-19 11:53:33 Info strArg=E:\PPT\演示课件《分米的认识》.ppt
2017-01-19 11:53:33 Info realpath=E:\PPT\演示课件《分米的认识》.ppt
2017-01-19 11:53:33 Info strArg=E:\PPT\演示课件《分米的认识》.ppt, filapath=E:\PPT\演示课件《分米的认识》.ppt
2017-01-19 11:53:33 Info http://localhost:8986/SelectPPT?filepath=E%3a%5cPPT%5c%e6%bc%94%e7%a4%ba%e8%af%be%e4%bb%b6%e3%80%8a%e5%88%86%e7%b1%b3%e7%9a%84%e8%ae%a4%e8%af%86%e3%80%8b.ppt
2017-01-19 11:55:23 Info args: E:\PPT\演示课件《分米的认识》.ppt.
2017-01-19 11:55:23 Info strArg=E:\PPT\演示课件《分米的认识》.ppt
2017-01-19 11:55:23 Info realpath=E:\PPT\演示课件《分米的认识》.ppt
2017-01-19 11:55:23 Info strArg=E:\PPT\演示课件《分米的认识》.ppt, filapath=E:\PPT\演示课件《分米的认识》.ppt
2017-01-19 11:55:23 Info http://localhost:8986/SelectPPT?filepath=E%3a%5cPPT%5c%e6%bc%94%e7%a4%ba%e8%af%be%e4%bb%b6%e3%80%8a%e5%88%86%e7%b1%b3%e7%9a%84%e8%ae%a4%e8%af%86%e3%80%8b.ppt
2017-01-19 11:56:06 Info args: E:\PPT\演示课件《分米的认识》.ppt.
2017-01-19 11:56:07 Info strArg=E:\PPT\演示课件《分米的认识》.ppt
2017-01-19 11:56:07 Info realpath=E:\PPT\演示课件《分米的认识》.ppt
2017-01-19 11:56:07 Info strArg=E:\PPT\演示课件《分米的认识》.ppt, filapath=E:\PPT\演示课件《分米的认识》.ppt
2017-01-19 11:56:07 Info http://localhost:8986/SelectPPT?filepath=E%3a%5cPPT%5c%e6%bc%94%e7%a4%ba%e8%af%be%e4%bb%b6%e3%80%8a%e5%88%86%e7%b1%b3%e7%9a%84%e8%ae%a4%e8%af%86%e3%80%8b.ppt
2017-01-19 17:45:55 Info args: E:\PPT\演示课件《分米的认识》.ppt.
2017-01-19 17:45:55 Info strArg=E:\PPT\演示课件《分米的认识》.ppt
2017-01-19 17:45:55 Info realpath=E:\PPT\演示课件《分米的认识》.ppt
2017-01-19 17:45:55 Info strArg=E:\PPT\演示课件《分米的认识》.ppt, filapath=E:\PPT\演示课件《分米的认识》.ppt
2017-01-19 17:45:55 Info http://localhost:8986/SelectPPT?filepath=E%3a%5cPPT%5c%e6%bc%94%e7%a4%ba%e8%af%be%e4%bb%b6%e3%80%8a%e5%88%86%e7%b1%b3%e7%9a%84%e8%ae%a4%e8%af%86%e3%80%8b.ppt
2017-02-03 10:30:57 Info args: E:\PPT\video1.wmv.
2017-02-03 10:30:58 Info strArg=E:\PPT\video1.wmv
2017-02-03 10:30:58 Info realpath=E:\PPT\video1.wmv
2017-02-03 10:30:58 Info strArg=E:\PPT\video1.wmv, filapath=E:\PPT\video1.wmv
2017-02-03 10:30:58 Info http://localhost:8986/SelectPPT?filepath=E%3a%5cPPT%5cvideo1.wmv
2017-02-03 10:35:21 Info args: E:\PPT\video1.wmv.
2017-02-03 10:35:21 Info strArg=E:\PPT\video1.wmv
2017-02-03 10:35:21 Info realpath=E:\PPT\video1.wmv
2017-02-03 10:35:21 Info strArg=E:\PPT\video1.wmv, filapath=E:\PPT\video1.wmv
2017-02-03 10:35:21 Info http://localhost:8986/SelectPPT?filepath=E%3a%5cPPT%5cvideo1.wmv
2017-02-06 11:49:11 Info args: E:\PPT\b430.jpg.
2017-02-06 11:49:12 Info strArg=E:\PPT\b430.jpg
2017-02-06 11:49:12 Info realpath=E:\PPT\b430.jpg
2017-02-06 11:49:12 Info strArg=E:\PPT\b430.jpg, filapath=E:\PPT\b430.jpg
2017-02-06 11:49:12 Info strArg=E:\PPT\b43.jpg
2017-02-06 11:49:12 Info realpath=E:\PPT\b43.jpg
2017-02-06 11:49:12 Info strArg=E:\PPT\b43.jpg, filapath=E:\PPT\b43.jpg
2017-02-06 11:49:13 Info http://localhost:8986/SelectPPT?filepath=E%3a%5cPPT%5cb430.jpg
2017-02-06 11:49:13 Info http://localhost:8986/SelectPPT?filepath=E%3a%5cPPT%5cb43.jpg
2017-02-06 13:10:36 Info args: E:\PPT\b430.jpg.
2017-02-06 13:10:37 Info strArg=E:\PPT\b430.jpg
2017-02-06 13:10:37 Info realpath=E:\PPT\b430.jpg
2017-02-06 13:10:37 Info strArg=E:\PPT\b430.jpg, filapath=E:\PPT\b430.jpg
2017-02-06 13:10:37 Info strArg=E:\PPT\b43.jpg
2017-02-06 13:10:37 Info realpath=E:\PPT\b43.jpg
2017-02-06 13:10:37 Info strArg=E:\PPT\b43.jpg, filapath=E:\PPT\b43.jpg
2017-02-06 13:10:37 Info http://localhost:8986/SelectPPT?filepath=E%3a%5cPPT%5cb430.jpg
2017-02-06 13:10:37 Info http://localhost:8986/SelectPPT?filepath=E%3a%5cPPT%5cb43.jpg
2017-02-06 13:12:35 Info args: E:\PPT\b430.jpg.
2017-02-06 13:12:35 Info strArg=E:\PPT\b430.jpg
2017-02-06 13:12:35 Info realpath=E:\PPT\b430.jpg
2017-02-06 13:12:35 Info strArg=E:\PPT\b430.jpg, filapath=E:\PPT\b430.jpg
2017-02-06 13:12:35 Info args: E:\PPT\b43.jpg.
2017-02-06 13:12:35 Info strArg=E:\PPT\b43.jpg
2017-02-06 13:12:35 Info realpath=E:\PPT\b43.jpg
2017-02-06 13:12:35 Info strArg=E:\PPT\b43.jpg, filapath=E:\PPT\b43.jpg
2017-02-06 13:12:35 Info http://localhost:8986/SelectPPT?filepath=E%3a%5cPPT%5cb430.jpg
2017-02-06 13:12:35 Info http://localhost:8986/SelectPPT?filepath=E%3a%5cPPT%5cb43.jpg
2017-02-06 13:13:27 Info args: E:\PPT\b430.jpg.
2017-02-06 13:13:27 Info strArg=E:\PPT\b430.jpg
2017-02-06 13:13:27 Info realpath=E:\PPT\b430.jpg
2017-02-06 13:13:27 Info strArg=E:\PPT\b430.jpg, filapath=E:\PPT\b430.jpg
2017-02-06 13:13:27 Info args: E:\PPT\b43.jpg.
2017-02-06 13:13:27 Info strArg=E:\PPT\b43.jpg
2017-02-06 13:13:27 Info realpath=E:\PPT\b43.jpg
2017-02-06 13:13:27 Info strArg=E:\PPT\b43.jpg, filapath=E:\PPT\b43.jpg
2017-02-06 13:13:27 Info http://localhost:8986/SelectPPT?filepath=E%3a%5cPPT%5cb430.jpg
2017-02-06 13:13:27 Info http://localhost:8986/SelectPPT?filepath=E%3a%5cPPT%5cb43.jpg
2017-02-15 10:17:42 Info args: D:\PPT\五年级数学课件积的近似数.ppt.
2017-02-15 10:17:42 Info strArg=D:\PPT\五年级数学课件积的近似数.ppt
2017-02-15 10:17:42 Info realpath=D:\PPT\五年级数学课件积的近似数.ppt
2017-02-15 10:17:42 Info strArg=D:\PPT\五年级数学课件积的近似数.ppt, filapath=D:\PPT\五年级数学课件积的近似数.ppt
2017-02-15 10:17:42 Info http://localhost:8986/SelectPPT?filepath=D%3a%5cPPT%5c%e4%ba%94%e5%b9%b4%e7%ba%a7%e6%95%b0%e5%ad%a6%e8%af%be%e4%bb%b6%e7%a7%af%e7%9a%84%e8%bf%91%e4%bc%bc%e6%95%b0.ppt
2017-02-15 10:22:22 Info args: D:\PPT\五年级下册数学课件_众数.ppt.
2017-02-15 10:22:22 Info strArg=D:\PPT\五年级下册数学课件_众数.ppt
2017-02-15 10:22:22 Info realpath=D:\PPT\五年级下册数学课件_众数.ppt
2017-02-15 10:22:22 Info strArg=D:\PPT\五年级下册数学课件_众数.ppt, filapath=D:\PPT\五年级下册数学课件_众数.ppt
2017-02-15 10:22:23 Info http://localhost:8986/SelectPPT?filepath=D%3a%5cPPT%5c%e4%ba%94%e5%b9%b4%e7%ba%a7%e4%b8%8b%e5%86%8c%e6%95%b0%e5%ad%a6%e8%af%be%e4%bb%b6_%e4%bc%97%e6%95%b0.ppt
2017-02-15 10:22:36 Info args: D:\PPT\组网方案.pptx.
2017-02-15 10:22:36 Info strArg=D:\PPT\组网方案.pptx
2017-02-15 10:22:36 Info realpath=D:\PPT\组网方案.pptx
2017-02-15 10:22:36 Info strArg=D:\PPT\组网方案.pptx, filapath=D:\PPT\组网方案.pptx
2017-02-15 10:22:36 Info http://localhost:8986/SelectPPT?filepath=D%3a%5cPPT%5c%e7%bb%84%e7%bd%91%e6%96%b9%e6%a1%88.pptx
2017-02-15 10:22:51 Info args: D:\PPT\new_五年级下册数学课件_众数.pptx.
2017-02-15 10:22:51 Info strArg=D:\PPT\new_五年级下册数学课件_众数.pptx
2017-02-15 10:22:51 Info realpath=D:\PPT\new_五年级下册数学课件_众数.pptx
2017-02-15 10:22:51 Info strArg=D:\PPT\new_五年级下册数学课件_众数.pptx, filapath=D:\PPT\new_五年级下册数学课件_众数.pptx
2017-02-15 10:22:51 Info http://localhost:8986/SelectPPT?filepath=D%3a%5cPPT%5cnew_%e4%ba%94%e5%b9%b4%e7%ba%a7%e4%b8%8b%e5%86%8c%e6%95%b0%e5%ad%a6%e8%af%be%e4%bb%b6_%e4%bc%97%e6%95%b0.pptx
2017-02-15 10:24:32 Error 操作超时
2017-02-15 10:26:42 Info args: D:\PPT\err.pptx.
2017-02-15 10:26:42 Info strArg=D:\PPT\err.pptx
2017-02-15 10:26:42 Info realpath=D:\PPT\err.pptx
2017-02-15 10:26:42 Info strArg=D:\PPT\err.pptx, filapath=D:\PPT\err.pptx
2017-02-15 10:26:42 Info http://localhost:8986/SelectPPT?filepath=D%3a%5cPPT%5cerr.pptx
2017-02-15 10:36:07 Info args: D:\PPT\err.pptx.
2017-02-15 10:36:07 Info strArg=D:\PPT\err.pptx
2017-02-15 10:36:07 Info realpath=D:\PPT\err.pptx
2017-02-15 10:36:07 Info strArg=D:\PPT\err.pptx, filapath=D:\PPT\err.pptx
2017-02-15 10:36:07 Info http://localhost:8986/SelectPPT?filepath=D%3a%5cPPT%5cerr.pptx
2017-02-15 10:38:11 Info args: D:\PPT\err.pptx.
2017-02-15 10:38:11 Info strArg=D:\PPT\err.pptx
2017-02-15 10:38:11 Info realpath=D:\PPT\err.pptx
2017-02-15 10:38:11 Info strArg=D:\PPT\err.pptx, filapath=D:\PPT\err.pptx
2017-02-15 10:38:11 Info http://localhost:8986/SelectPPT?filepath=D%3a%5cPPT%5cerr.pptx
2017-02-15 10:39:24 Info args: D:\PPT\err.pptx.
2017-02-15 10:39:24 Info strArg=D:\PPT\err.pptx
2017-02-15 10:39:24 Info realpath=D:\PPT\err.pptx
2017-02-15 10:39:24 Info strArg=D:\PPT\err.pptx, filapath=D:\PPT\err.pptx
2017-02-15 10:39:25 Info http://localhost:8986/SelectPPT?filepath=D%3a%5cPPT%5cerr.pptx
2017-02-15 10:40:03 Info args: D:\PPT\err.pptx.
2017-02-15 10:40:03 Info strArg=D:\PPT\err.pptx
2017-02-15 10:40:03 Info realpath=D:\PPT\err.pptx
2017-02-15 10:40:03 Info strArg=D:\PPT\err.pptx, filapath=D:\PPT\err.pptx
2017-02-15 10:40:03 Info http://localhost:8986/SelectPPT?filepath=D%3a%5cPPT%5cerr.pptx
2017-02-15 10:40:16 Info args: D:\PPT\组网方案.pptx.
2017-02-15 10:40:16 Info strArg=D:\PPT\组网方案.pptx
2017-02-15 10:40:16 Info realpath=D:\PPT\组网方案.pptx
2017-02-15 10:40:16 Info strArg=D:\PPT\组网方案.pptx, filapath=D:\PPT\组网方案.pptx
2017-02-15 10:40:16 Info http://localhost:8986/SelectPPT?filepath=D%3a%5cPPT%5c%e7%bb%84%e7%bd%91%e6%96%b9%e6%a1%88.pptx
2017-02-15 10:40:23 Info args: D:\PPT\五年级下册数学课件_众数.ppt.
2017-02-15 10:40:23 Info strArg=D:\PPT\五年级下册数学课件_众数.ppt
2017-02-15 10:40:23 Info realpath=D:\PPT\五年级下册数学课件_众数.ppt
2017-02-15 10:40:23 Info strArg=D:\PPT\五年级下册数学课件_众数.ppt, filapath=D:\PPT\五年级下册数学课件_众数.ppt
2017-02-15 10:40:23 Info http://localhost:8986/SelectPPT?filepath=D%3a%5cPPT%5c%e4%ba%94%e5%b9%b4%e7%ba%a7%e4%b8%8b%e5%86%8c%e6%95%b0%e5%ad%a6%e8%af%be%e4%bb%b6_%e4%bc%97%e6%95%b0.ppt
2017-02-15 10:40:28 Info args: D:\PPT\五年级数学课件积的近似数.ppt.
2017-02-15 10:40:28 Info strArg=D:\PPT\五年级数学课件积的近似数.ppt
2017-02-15 10:40:28 Info realpath=D:\PPT\五年级数学课件积的近似数.ppt
2017-02-15 10:40:28 Info strArg=D:\PPT\五年级数学课件积的近似数.ppt, filapath=D:\PPT\五年级数学课件积的近似数.ppt
2017-02-15 10:40:28 Info http://localhost:8986/SelectPPT?filepath=D%3a%5cPPT%5c%e4%ba%94%e5%b9%b4%e7%ba%a7%e6%95%b0%e5%ad%a6%e8%af%be%e4%bb%b6%e7%a7%af%e7%9a%84%e8%bf%91%e4%bc%bc%e6%95%b0.ppt
2017-02-15 10:40:34 Info args: D:\PPT\安装配置指南.docx.
2017-02-15 10:40:34 Info strArg=D:\PPT\安装配置指南.docx
2017-02-15 10:40:34 Info realpath=D:\PPT\安装配置指南.docx
2017-02-15 10:40:34 Info strArg=D:\PPT\安装配置指南.docx, filapath=D:\PPT\安装配置指南.docx
2017-02-15 10:40:34 Info http://localhost:8986/SelectPPT?filepath=D%3a%5cPPT%5c%e5%ae%89%e8%a3%85%e9%85%8d%e7%bd%ae%e6%8c%87%e5%8d%97.docx
2017-02-15 10:40:50 Info args: D:\PPT\new_五年级下册数学课件_众数.pptx.
2017-02-15 10:40:50 Info strArg=D:\PPT\new_五年级下册数学课件_众数.pptx
2017-02-15 10:40:50 Info realpath=D:\PPT\new_五年级下册数学课件_众数.pptx
2017-02-15 10:40:50 Info strArg=D:\PPT\new_五年级下册数学课件_众数.pptx, filapath=D:\PPT\new_五年级下册数学课件_众数.pptx
2017-02-15 10:40:50 Info http://localhost:8986/SelectPPT?filepath=D%3a%5cPPT%5cnew_%e4%ba%94%e5%b9%b4%e7%ba%a7%e4%b8%8b%e5%86%8c%e6%95%b0%e5%ad%a6%e8%af%be%e4%bb%b6_%e4%bc%97%e6%95%b0.pptx
2017-02-20 10:51:31 Info args: E:\PPT\video1.mov.
2017-02-20 10:51:31 Info strArg=E:\PPT\video1.mov
2017-02-20 10:51:31 Info realpath=E:\PPT\video1.mov
2017-02-20 10:51:31 Info strArg=E:\PPT\video1.mov, filapath=E:\PPT\video1.mov
2017-02-20 10:51:31 Info http://localhost:8986/SelectPPT?filepath=E%3a%5cPPT%5cvideo1.mov
2017-02-20 14:04:33 Info args: E:\PPT\video1.mov.
2017-02-20 14:04:34 Info strArg=E:\PPT\video1.mov
2017-02-20 14:04:34 Info realpath=E:\PPT\video1.mov
2017-02-20 14:04:34 Info strArg=E:\PPT\video1.mov, filapath=E:\PPT\video1.mov
2017-02-20 14:04:34 Info http://localhost:8986/SelectPPT?filepath=E%3a%5cPPT%5cvideo1.mov
2017-02-20 16:42:36 Info args: E:\PPT\video1.mov.
2017-02-20 16:42:36 Info strArg=E:\PPT\video1.mov
2017-02-20 16:42:36 Info realpath=E:\PPT\video1.mov
2017-02-20 16:42:36 Info strArg=E:\PPT\video1.mov, filapath=E:\PPT\video1.mov
2017-02-20 16:42:36 Info http://localhost:8986/SelectPPT?filepath=E%3a%5cPPT%5cvideo1.mov
2017-02-20 16:54:19 Info args: E:\PPT\video1.mov.
2017-02-20 16:54:19 Info strArg=E:\PPT\video1.mov
2017-02-20 16:54:19 Info realpath=E:\PPT\video1.mov
2017-02-20 16:54:19 Info strArg=E:\PPT\video1.mov, filapath=E:\PPT\video1.mov
2017-02-20 16:54:19 Info http://localhost:8986/SelectPPT?filepath=E%3a%5cPPT%5cvideo1.mov
2017-02-20 17:39:15 Info args: E:\PPT\video1.mov.
2017-02-20 17:39:15 Info strArg=E:\PPT\video1.mov
2017-02-20 17:39:15 Info realpath=E:\PPT\video1.mov
2017-02-20 17:39:15 Info strArg=E:\PPT\video1.mov, filapath=E:\PPT\video1.mov
2017-02-20 17:39:15 Info http://localhost:8986/SelectPPT?filepath=E%3a%5cPPT%5cvideo1.mov
2017-02-21 13:07:07 Info args: E:\PPT\video1.mov.
2017-02-21 13:07:07 Info strArg=E:\PPT\video1.mov
2017-02-21 13:07:07 Info realpath=E:\PPT\video1.mov
2017-02-21 13:07:07 Info strArg=E:\PPT\video1.mov, filapath=E:\PPT\video1.mov
2017-02-21 13:07:07 Info http://localhost:8986/SelectPPT?filepath=E%3a%5cPPT%5cvideo1.mov
2017-02-21 13:14:36 Info args: E:\PPT\video1.mov.
2017-02-21 13:14:36 Info strArg=E:\PPT\video1.mov
2017-02-21 13:14:36 Info realpath=E:\PPT\video1.mov
2017-02-21 13:14:36 Info strArg=E:\PPT\video1.mov, filapath=E:\PPT\video1.mov
2017-02-21 13:14:36 Info http://localhost:8986/SelectPPT?filepath=E%3a%5cPPT%5cvideo1.mov
2017-02-21 13:19:39 Info args: E:\PPT\video1.mov.
2017-02-21 13:19:40 Info strArg=E:\PPT\video1.mov
2017-02-21 13:19:40 Info realpath=E:\PPT\video1.mov
2017-02-21 13:19:40 Info strArg=E:\PPT\video1.mov, filapath=E:\PPT\video1.mov
2017-02-21 13:19:40 Info http://localhost:8986/SelectPPT?filepath=E%3a%5cPPT%5cvideo1.mov
2017-02-21 13:31:28 Info args: E:\PPT\video1.mov.
2017-02-21 13:31:28 Info strArg=E:\PPT\video1.mov
2017-02-21 13:31:28 Info realpath=E:\PPT\video1.mov
2017-02-21 13:31:28 Info strArg=E:\PPT\video1.mov, filapath=E:\PPT\video1.mov
2017-02-21 13:31:28 Info http://localhost:8986/SelectPPT?filepath=E%3a%5cPPT%5cvideo1.mov
2017-02-21 14:04:52 Info args: E:\PPT\8.pdf.
2017-02-21 14:04:53 Info strArg=E:\PPT\8.pdf
2017-02-21 14:04:53 Info realpath=E:\PPT\8.pdf
2017-02-21 14:04:53 Info strArg=E:\PPT\8.pdf, filapath=E:\PPT\8.pdf
2017-02-21 14:04:53 Info http://localhost:8986/SelectPPT?filepath=E%3a%5cPPT%5c8.pdf
2017-02-21 14:05:13 Info args: E:\PPT\8.pdf.
2017-02-21 14:05:13 Info strArg=E:\PPT\8.pdf
2017-02-21 14:05:13 Info realpath=E:\PPT\8.pdf
2017-02-21 14:05:13 Info strArg=E:\PPT\8.pdf, filapath=E:\PPT\8.pdf
2017-02-21 14:05:14 Info http://localhost:8986/SelectPPT?filepath=E%3a%5cPPT%5c8.pdf
2017-02-21 16:15:50 Info args: E:\PPT\演示课件《分米的认识》.ppt.
2017-02-21 16:15:50 Info strArg=E:\PPT\演示课件《分米的认识》.ppt
2017-02-21 16:15:50 Info realpath=E:\PPT\演示课件《分米的认识》.ppt
2017-02-21 16:15:50 Info strArg=E:\PPT\演示课件《分米的认识》.ppt, filapath=E:\PPT\演示课件《分米的认识》.ppt
2017-02-21 16:15:50 Info http://localhost:8986/SelectPPT?filepath=E%3a%5cPPT%5c%e6%bc%94%e7%a4%ba%e8%af%be%e4%bb%b6%e3%80%8a%e5%88%86%e7%b1%b3%e7%9a%84%e8%ae%a4%e8%af%86%e3%80%8b.ppt
2017-02-21 16:18:38 Info args: E:\PPT\纵横沟壑的黄土高原.pptx.
2017-02-21 16:18:39 Info strArg=E:\PPT\纵横沟壑的黄土高原.pptx
2017-02-21 16:18:39 Info realpath=E:\PPT\纵横沟壑的黄土高原.pptx
2017-02-21 16:18:39 Info strArg=E:\PPT\纵横沟壑的黄土高原.pptx, filapath=E:\PPT\纵横沟壑的黄土高原.pptx
2017-02-21 16:18:39 Info http://localhost:8986/SelectPPT?filepath=E%3a%5cPPT%5c%e7%ba%b5%e6%a8%aa%e6%b2%9f%e5%a3%91%e7%9a%84%e9%bb%84%e5%9c%9f%e9%ab%98%e5%8e%9f.pptx
2017-02-21 16:25:34 Info args: E:\PPT\白雪飘飘的北国.pptx.
2017-02-21 16:25:34 Info strArg=E:\PPT\白雪飘飘的北国.pptx
2017-02-21 16:25:34 Info realpath=E:\PPT\白雪飘飘的北国.pptx
2017-02-21 16:25:34 Info strArg=E:\PPT\白雪飘飘的北国.pptx, filapath=E:\PPT\白雪飘飘的北国.pptx
2017-02-21 16:25:34 Info http://localhost:8986/SelectPPT?filepath=E%3a%5cPPT%5c%e7%99%bd%e9%9b%aa%e9%a3%98%e9%a3%98%e7%9a%84%e5%8c%97%e5%9b%bd.pptx
2017-02-21 16:46:11 Info args: E:\PPT\tet2.pptx.
2017-02-21 16:46:11 Info strArg=E:\PPT\tet2.pptx
2017-02-21 16:46:11 Info realpath=E:\PPT\tet2.pptx
2017-02-21 16:46:11 Info strArg=E:\PPT\tet2.pptx, filapath=E:\PPT\tet2.pptx
2017-02-21 16:46:11 Info http://localhost:8986/SelectPPT?filepath=E%3a%5cPPT%5ctet2.pptx
2017-02-21 16:46:37 Info args: E:\PPT\纵横沟壑的黄土高原.pptx.
2017-02-21 16:46:38 Info strArg=E:\PPT\纵横沟壑的黄土高原.pptx
2017-02-21 16:46:38 Info realpath=E:\PPT\纵横沟壑的黄土高原.pptx
2017-02-21 16:46:38 Info strArg=E:\PPT\纵横沟壑的黄土高原.pptx, filapath=E:\PPT\纵横沟壑的黄土高原.pptx
2017-02-21 16:46:38 Info http://localhost:8986/SelectPPT?filepath=E%3a%5cPPT%5c%e7%ba%b5%e6%a8%aa%e6%b2%9f%e5%a3%91%e7%9a%84%e9%bb%84%e5%9c%9f%e9%ab%98%e5%8e%9f.pptx
2017-02-21 16:57:25 Info args: E:\PPT\纵横沟壑的黄土高原.pptx.
2017-02-21 16:57:25 Info strArg=E:\PPT\纵横沟壑的黄土高原.pptx
2017-02-21 16:57:25 Info realpath=E:\PPT\纵横沟壑的黄土高原.pptx
2017-02-21 16:57:25 Info strArg=E:\PPT\纵横沟壑的黄土高原.pptx, filapath=E:\PPT\纵横沟壑的黄土高原.pptx
2017-02-21 16:57:25 Info http://localhost:8986/SelectPPT?filepath=E%3a%5cPPT%5c%e7%ba%b5%e6%a8%aa%e6%b2%9f%e5%a3%91%e7%9a%84%e9%bb%84%e5%9c%9f%e9%ab%98%e5%8e%9f.pptx
2017-02-21 16:58:06 Info args: E:\PPT\演示课件《分米的认识》.ppt.
2017-02-21 16:58:06 Info strArg=E:\PPT\演示课件《分米的认识》.ppt
2017-02-21 16:58:06 Info realpath=E:\PPT\演示课件《分米的认识》.ppt
2017-02-21 16:58:06 Info strArg=E:\PPT\演示课件《分米的认识》.ppt, filapath=E:\PPT\演示课件《分米的认识》.ppt
2017-02-21 16:58:06 Info http://localhost:8986/SelectPPT?filepath=E%3a%5cPPT%5c%e6%bc%94%e7%a4%ba%e8%af%be%e4%bb%b6%e3%80%8a%e5%88%86%e7%b1%b3%e7%9a%84%e8%ae%a4%e8%af%86%e3%80%8b.ppt
2017-02-21 17:00:16 Info args: E:\PPT\演示课件《分米的认识》.ppt.
2017-02-21 17:00:16 Info strArg=E:\PPT\演示课件《分米的认识》.ppt
2017-02-21 17:00:16 Info realpath=E:\PPT\演示课件《分米的认识》.ppt
2017-02-21 17:00:16 Info strArg=E:\PPT\演示课件《分米的认识》.ppt, filapath=E:\PPT\演示课件《分米的认识》.ppt
2017-02-21 17:00:16 Info http://localhost:8986/SelectPPT?filepath=E%3a%5cPPT%5c%e6%bc%94%e7%a4%ba%e8%af%be%e4%bb%b6%e3%80%8a%e5%88%86%e7%b1%b3%e7%9a%84%e8%ae%a4%e8%af%86%e3%80%8b.ppt
2017-02-21 17:00:53 Info args: E:\PPT\纵横沟壑的黄土高原.pptx.
2017-02-21 17:00:53 Info strArg=E:\PPT\纵横沟壑的黄土高原.pptx
2017-02-21 17:00:53 Info realpath=E:\PPT\纵横沟壑的黄土高原.pptx
2017-02-21 17:00:53 Info strArg=E:\PPT\纵横沟壑的黄土高原.pptx, filapath=E:\PPT\纵横沟壑的黄土高原.pptx
2017-02-21 17:00:53 Info http://localhost:8986/SelectPPT?filepath=E%3a%5cPPT%5c%e7%ba%b5%e6%a8%aa%e6%b2%9f%e5%a3%91%e7%9a%84%e9%bb%84%e5%9c%9f%e9%ab%98%e5%8e%9f.pptx
2017-02-21 17:05:27 Info args: E:\PPT\演示课件《分米的认识》.ppt.
2017-02-21 17:05:27 Info strArg=E:\PPT\演示课件《分米的认识》.ppt
2017-02-21 17:05:27 Info realpath=E:\PPT\演示课件《分米的认识》.ppt
2017-02-21 17:05:27 Info strArg=E:\PPT\演示课件《分米的认识》.ppt, filapath=E:\PPT\演示课件《分米的认识》.ppt
2017-02-21 17:05:27 Info http://localhost:8986/SelectPPT?filepath=E%3a%5cPPT%5c%e6%bc%94%e7%a4%ba%e8%af%be%e4%bb%b6%e3%80%8a%e5%88%86%e7%b1%b3%e7%9a%84%e8%ae%a4%e8%af%86%e3%80%8b.ppt
2017-02-21 17:06:14 Info args: E:\PPT\纵横沟壑的黄土高原.pptx.
2017-02-21 17:06:14 Info strArg=E:\PPT\纵横沟壑的黄土高原.pptx
2017-02-21 17:06:14 Info realpath=E:\PPT\纵横沟壑的黄土高原.pptx
2017-02-21 17:06:14 Info strArg=E:\PPT\纵横沟壑的黄土高原.pptx, filapath=E:\PPT\纵横沟壑的黄土高原.pptx
2017-02-21 17:06:14 Info http://localhost:8986/SelectPPT?filepath=E%3a%5cPPT%5c%e7%ba%b5%e6%a8%aa%e6%b2%9f%e5%a3%91%e7%9a%84%e9%bb%84%e5%9c%9f%e9%ab%98%e5%8e%9f.pptx
2017-02-21 17:09:38 Info args: E:\PPT\演示课件《分米的认识》.ppt.
2017-02-21 17:09:38 Info strArg=E:\PPT\演示课件《分米的认识》.ppt
2017-02-21 17:09:38 Info realpath=E:\PPT\演示课件《分米的认识》.ppt
2017-02-21 17:09:38 Info strArg=E:\PPT\演示课件《分米的认识》.ppt, filapath=E:\PPT\演示课件《分米的认识》.ppt
2017-02-21 17:09:38 Info http://localhost:8986/SelectPPT?filepath=E%3a%5cPPT%5c%e6%bc%94%e7%a4%ba%e8%af%be%e4%bb%b6%e3%80%8a%e5%88%86%e7%b1%b3%e7%9a%84%e8%ae%a4%e8%af%86%e3%80%8b.ppt
2017-02-21 17:10:14 Info args: E:\PPT\纵横沟壑的黄土高原.pptx.
2017-02-21 17:10:14 Info strArg=E:\PPT\纵横沟壑的黄土高原.pptx
2017-02-21 17:10:14 Info realpath=E:\PPT\纵横沟壑的黄土高原.pptx
2017-02-21 17:10:14 Info strArg=E:\PPT\纵横沟壑的黄土高原.pptx, filapath=E:\PPT\纵横沟壑的黄土高原.pptx
2017-02-21 17:10:14 Info http://localhost:8986/SelectPPT?filepath=E%3a%5cPPT%5c%e7%ba%b5%e6%a8%aa%e6%b2%9f%e5%a3%91%e7%9a%84%e9%bb%84%e5%9c%9f%e9%ab%98%e5%8e%9f.pptx
2017-02-21 17:11:48 Info args: E:\PPT\演示课件《分米的认识》.ppt.
2017-02-21 17:11:48 Info strArg=E:\PPT\演示课件《分米的认识》.ppt
2017-02-21 17:11:48 Info realpath=E:\PPT\演示课件《分米的认识》.ppt
2017-02-21 17:11:48 Info strArg=E:\PPT\演示课件《分米的认识》.ppt, filapath=E:\PPT\演示课件《分米的认识》.ppt
2017-02-21 17:11:48 Info http://localhost:8986/SelectPPT?filepath=E%3a%5cPPT%5c%e6%bc%94%e7%a4%ba%e8%af%be%e4%bb%b6%e3%80%8a%e5%88%86%e7%b1%b3%e7%9a%84%e8%ae%a4%e8%af%86%e3%80%8b.ppt
2017-02-21 17:12:26 Info args: E:\PPT\纵横沟壑的黄土高原.pptx.
2017-02-21 17:12:26 Info strArg=E:\PPT\纵横沟壑的黄土高原.pptx
2017-02-21 17:12:26 Info realpath=E:\PPT\纵横沟壑的黄土高原.pptx
2017-02-21 17:12:26 Info strArg=E:\PPT\纵横沟壑的黄土高原.pptx, filapath=E:\PPT\纵横沟壑的黄土高原.pptx
2017-02-21 17:12:27 Info http://localhost:8986/SelectPPT?filepath=E%3a%5cPPT%5c%e7%ba%b5%e6%a8%aa%e6%b2%9f%e5%a3%91%e7%9a%84%e9%bb%84%e5%9c%9f%e9%ab%98%e5%8e%9f.pptx
2017-02-21 17:14:52 Info args: E:\PPT\人教版小学语文四年级下册第一课《古诗三首》（课件）.ppt.
2017-02-21 17:14:52 Info strArg=E:\PPT\人教版小学语文四年级下册第一课《古诗三首》（课件）.ppt
2017-02-21 17:14:52 Info realpath=E:\PPT\人教版小学语文四年级下册第一课《古诗三首》（课件）.ppt
2017-02-21 17:14:52 Info strArg=E:\PPT\人教版小学语文四年级下册第一课《古诗三首》（课件）.ppt, filapath=E:\PPT\人教版小学语文四年级下册第一课《古诗三首》（课件）.ppt
2017-02-21 17:14:52 Info http://localhost:8986/SelectPPT?filepath=E%3a%5cPPT%5c%e4%ba%ba%e6%95%99%e7%89%88%e5%b0%8f%e5%ad%a6%e8%af%ad%e6%96%87%e5%9b%9b%e5%b9%b4%e7%ba%a7%e4%b8%8b%e5%86%8c%e7%ac%ac%e4%b8%80%e8%af%be%e3%80%8a%e5%8f%a4%e8%af%97%e4%b8%89%e9%a6%96%e3%80%8b%ef%bc%88%e8%af%be%e4%bb%b6%ef%bc%89.ppt
2017-02-21 17:16:11 Info args: E:\PPT\人教版小学语文四年级下册第一课《古诗三首》（课件）.ppt.
2017-02-21 17:16:11 Info strArg=E:\PPT\人教版小学语文四年级下册第一课《古诗三首》（课件）.ppt
2017-02-21 17:16:11 Info realpath=E:\PPT\人教版小学语文四年级下册第一课《古诗三首》（课件）.ppt
2017-02-21 17:16:11 Info strArg=E:\PPT\人教版小学语文四年级下册第一课《古诗三首》（课件）.ppt, filapath=E:\PPT\人教版小学语文四年级下册第一课《古诗三首》（课件）.ppt
2017-02-21 17:16:11 Info http://localhost:8986/SelectPPT?filepath=E%3a%5cPPT%5c%e4%ba%ba%e6%95%99%e7%89%88%e5%b0%8f%e5%ad%a6%e8%af%ad%e6%96%87%e5%9b%9b%e5%b9%b4%e7%ba%a7%e4%b8%8b%e5%86%8c%e7%ac%ac%e4%b8%80%e8%af%be%e3%80%8a%e5%8f%a4%e8%af%97%e4%b8%89%e9%a6%96%e3%80%8b%ef%bc%88%e8%af%be%e4%bb%b6%ef%bc%89.ppt
2017-02-21 17:17:19 Info args: E:\PPT\人教版小学语文四年级下册第一课《古诗三首》（课件）.ppt.
2017-02-21 17:17:19 Info strArg=E:\PPT\人教版小学语文四年级下册第一课《古诗三首》（课件）.ppt
2017-02-21 17:17:19 Info realpath=E:\PPT\人教版小学语文四年级下册第一课《古诗三首》（课件）.ppt
2017-02-21 17:17:19 Info strArg=E:\PPT\人教版小学语文四年级下册第一课《古诗三首》（课件）.ppt, filapath=E:\PPT\人教版小学语文四年级下册第一课《古诗三首》（课件）.ppt
2017-02-21 17:17:19 Info http://localhost:8986/SelectPPT?filepath=E%3a%5cPPT%5c%e4%ba%ba%e6%95%99%e7%89%88%e5%b0%8f%e5%ad%a6%e8%af%ad%e6%96%87%e5%9b%9b%e5%b9%b4%e7%ba%a7%e4%b8%8b%e5%86%8c%e7%ac%ac%e4%b8%80%e8%af%be%e3%80%8a%e5%8f%a4%e8%af%97%e4%b8%89%e9%a6%96%e3%80%8b%ef%bc%88%e8%af%be%e4%bb%b6%ef%bc%89.ppt
2017-02-21 17:18:55 Info args: E:\PPT\人教版小学语文四年级下册第一课《古诗三首》（课件）.ppt.
2017-02-21 17:18:55 Info strArg=E:\PPT\人教版小学语文四年级下册第一课《古诗三首》（课件）.ppt
2017-02-21 17:18:55 Info realpath=E:\PPT\人教版小学语文四年级下册第一课《古诗三首》（课件）.ppt
2017-02-21 17:18:55 Info strArg=E:\PPT\人教版小学语文四年级下册第一课《古诗三首》（课件）.ppt, filapath=E:\PPT\人教版小学语文四年级下册第一课《古诗三首》（课件）.ppt
2017-02-21 17:18:55 Info http://localhost:8986/SelectPPT?filepath=E%3a%5cPPT%5c%e4%ba%ba%e6%95%99%e7%89%88%e5%b0%8f%e5%ad%a6%e8%af%ad%e6%96%87%e5%9b%9b%e5%b9%b4%e7%ba%a7%e4%b8%8b%e5%86%8c%e7%ac%ac%e4%b8%80%e8%af%be%e3%80%8a%e5%8f%a4%e8%af%97%e4%b8%89%e9%a6%96%e3%80%8b%ef%bc%88%e8%af%be%e4%bb%b6%ef%bc%89.ppt
2017-02-21 17:18:57 Error 无法连接到远程服务器
2017-02-21 17:19:04 Info args: E:\PPT\人教版小学语文四年级下册第一课《古诗三首》（课件）.ppt.
2017-02-21 17:19:04 Info strArg=E:\PPT\人教版小学语文四年级下册第一课《古诗三首》（课件）.ppt
2017-02-21 17:19:04 Info realpath=E:\PPT\人教版小学语文四年级下册第一课《古诗三首》（课件）.ppt
2017-02-21 17:19:04 Info strArg=E:\PPT\人教版小学语文四年级下册第一课《古诗三首》（课件）.ppt, filapath=E:\PPT\人教版小学语文四年级下册第一课《古诗三首》（课件）.ppt
2017-02-21 17:19:04 Info http://localhost:8986/SelectPPT?filepath=E%3a%5cPPT%5c%e4%ba%ba%e6%95%99%e7%89%88%e5%b0%8f%e5%ad%a6%e8%af%ad%e6%96%87%e5%9b%9b%e5%b9%b4%e7%ba%a7%e4%b8%8b%e5%86%8c%e7%ac%ac%e4%b8%80%e8%af%be%e3%80%8a%e5%8f%a4%e8%af%97%e4%b8%89%e9%a6%96%e3%80%8b%ef%bc%88%e8%af%be%e4%bb%b6%ef%bc%89.ppt
2017-02-21 17:19:29 Info args: E:\PPT\演示课件《分米的认识》.ppt.
2017-02-21 17:19:29 Info strArg=E:\PPT\演示课件《分米的认识》.ppt
2017-02-21 17:19:29 Info realpath=E:\PPT\演示课件《分米的认识》.ppt
2017-02-21 17:19:29 Info strArg=E:\PPT\演示课件《分米的认识》.ppt, filapath=E:\PPT\演示课件《分米的认识》.ppt
2017-02-21 17:19:29 Info http://localhost:8986/SelectPPT?filepath=E%3a%5cPPT%5c%e6%bc%94%e7%a4%ba%e8%af%be%e4%bb%b6%e3%80%8a%e5%88%86%e7%b1%b3%e7%9a%84%e8%ae%a4%e8%af%86%e3%80%8b.ppt
2017-02-21 17:19:54 Info args: E:\PPT\纵横沟壑的黄土高原.pptx.
2017-02-21 17:19:55 Info strArg=E:\PPT\纵横沟壑的黄土高原.pptx
2017-02-21 17:19:55 Info realpath=E:\PPT\纵横沟壑的黄土高原.pptx
2017-02-21 17:19:55 Info strArg=E:\PPT\纵横沟壑的黄土高原.pptx, filapath=E:\PPT\纵横沟壑的黄土高原.pptx
2017-02-21 17:19:55 Info http://localhost:8986/SelectPPT?filepath=E%3a%5cPPT%5c%e7%ba%b5%e6%a8%aa%e6%b2%9f%e5%a3%91%e7%9a%84%e9%bb%84%e5%9c%9f%e9%ab%98%e5%8e%9f.pptx
2017-02-24 09:45:40 Info args: D:\如e小助手_Setup\EduSetup.
2017-02-24 09:45:40 Info args: -.
2017-02-24 09:45:40 Info args: v2.0.0.nsi.
2017-02-24 09:45:40 Info strArg=D:\如e小助手_Setup\EduSetup - v2.0.0.nsi
2017-02-24 09:45:40 Info realpath=D:\如e小助手_Setup\EduSetup - v2.0.0.nsi
2017-02-24 09:45:40 Info strArg=D:\如e小助手_Setup\EduSetup - v2.0.0.nsi, filapath=D:\如e小助手_Setup\EduSetup - v2.0.0.nsi
2017-02-25 14:01:54 Info args: E:\PPT\纵横沟壑的黄土高原.pptx.
2017-02-25 14:01:54 Info strArg=E:\PPT\纵横沟壑的黄土高原.pptx
2017-02-25 14:01:54 Info realpath=E:\PPT\纵横沟壑的黄土高原.pptx
2017-02-25 14:01:54 Info strArg=E:\PPT\纵横沟壑的黄土高原.pptx, filapath=E:\PPT\纵横沟壑的黄土高原.pptx
2017-02-25 14:01:54 Info http://localhost:8986/SelectPPT?filepath=E%3a%5cPPT%5c%e7%ba%b5%e6%a8%aa%e6%b2%9f%e5%a3%91%e7%9a%84%e9%bb%84%e5%9c%9f%e9%ab%98%e5%8e%9f.pptx
2017-02-25 14:01:55 Info args: E:\PPT\演示课件《分米的认识》.ppt.
2017-02-25 14:01:55 Info strArg=E:\PPT\演示课件《分米的认识》.ppt
2017-02-25 14:01:55 Info realpath=E:\PPT\演示课件《分米的认识》.ppt
2017-02-25 14:01:55 Info strArg=E:\PPT\演示课件《分米的认识》.ppt, filapath=E:\PPT\演示课件《分米的认识》.ppt
2017-02-25 14:01:55 Info http://localhost:8986/SelectPPT?filepath=E%3a%5cPPT%5c%e6%bc%94%e7%a4%ba%e8%af%be%e4%bb%b6%e3%80%8a%e5%88%86%e7%b1%b3%e7%9a%84%e8%ae%a4%e8%af%86%e3%80%8b.ppt
2017-03-09 11:42:46 Info args: E:\image\b42.jpg.
2017-03-09 11:42:46 Info strArg=E:\image\b42.jpg
2017-03-09 11:42:46 Info realpath=E:\image\b42.jpg
2017-03-09 11:42:46 Info strArg=E:\image\b42.jpg, filapath=E:\image\b42.jpg
2017-03-09 11:42:46 Info args: E:\image\b41.jpg.
2017-03-09 11:42:46 Info strArg=E:\image\b41.jpg
2017-03-09 11:42:46 Info realpath=E:\image\b41.jpg
2017-03-09 11:42:46 Info strArg=E:\image\b41.jpg, filapath=E:\image\b41.jpg
2017-03-09 11:42:46 Info args: E:\image\b43.jpg.
2017-03-09 11:42:46 Info strArg=E:\image\b43.jpg
2017-03-09 11:42:46 Info realpath=E:\image\b43.jpg
2017-03-09 11:42:46 Info strArg=E:\image\b43.jpg, filapath=E:\image\b43.jpg
2017-03-09 11:42:46 Info http://localhost:8986/SelectPPT?filepath=E%3a%5cimage%5cb42.jpg
2017-03-09 11:42:46 Info http://localhost:8986/SelectPPT?filepath=E%3a%5cimage%5cb41.jpg
2017-03-09 11:42:46 Info http://localhost:8986/SelectPPT?filepath=E%3a%5cimage%5cb43.jpg
2017-03-09 13:27:51 Info args: E:\image\b42.jpg.
2017-03-09 13:27:51 Info strArg=E:\image\b42.jpg
2017-03-09 13:27:51 Info args: E:\image\b41.jpg.
2017-03-09 13:27:51 Info realpath=E:\image\b42.jpg
2017-03-09 13:27:51 Info strArg=E:\image\b41.jpg
2017-03-09 13:27:51 Info realpath=E:\image\b41.jpg
2017-03-09 13:27:51 Info strArg=E:\image\b41.jpg, filapath=E:\image\b41.jpg
2017-03-09 13:27:51 Info args: E:\image\b43.jpg.
2017-03-09 13:27:51 Info strArg=E:\image\b43.jpg
2017-03-09 13:27:51 Info realpath=E:\image\b43.jpg
2017-03-09 13:27:51 Info strArg=E:\image\b43.jpg, filapath=E:\image\b43.jpg
2017-03-09 13:27:51 Info http://localhost:8986/SelectPPT?filepath=E%3a%5cimage%5cb41.jpg
2017-03-09 13:27:51 Info http://localhost:8986/SelectPPT?filepath=E%3a%5cimage%5cb43.jpg
2017-03-09 13:27:52 Info http://localhost:8986/SelectPPT?filepath=E%3a%5cimage%5cb42.jpg
2017-03-09 13:56:08 Info args: E:\image\b41.jpg.
2017-03-09 13:56:09 Info strArg=E:\image\b41.jpg
2017-03-09 13:56:09 Info realpath=E:\image\b41.jpg
2017-03-09 13:56:09 Info strArg=E:\image\b41.jpg, filapath=E:\image\b41.jpg
2017-03-09 13:56:09 Info http://localhost:8986/SelectPPT?filepath=E%3a%5cimage%5cb41.jpg
2017-03-09 14:00:36 Info args: E:\image\b41.jpg.
2017-03-09 14:00:36 Info strArg=E:\image\b41.jpg
2017-03-09 14:00:36 Info realpath=E:\image\b41.jpg
2017-03-09 14:00:36 Info strArg=E:\image\b41.jpg, filapath=E:\image\b41.jpg
2017-03-09 14:00:36 Info http://localhost:8986/SelectPPT?filepath=E%3a%5cimage%5cb41.jpg
2017-03-09 14:00:38 Error 无法连接到远程服务器
2017-03-09 14:00:54 Info args: E:\image\b41.jpg.
2017-03-09 14:00:54 Info strArg=E:\image\b41.jpg
2017-03-09 14:00:54 Info realpath=E:\image\b41.jpg
2017-03-09 14:00:54 Info strArg=E:\image\b41.jpg, filapath=E:\image\b41.jpg
2017-03-09 14:00:54 Info http://localhost:8986/SelectPPT?filepath=E%3a%5cimage%5cb41.jpg
2017-03-09 14:06:30 Info args: E:\image\b41.jpg.
2017-03-09 14:06:30 Info strArg=E:\image\b41.jpg
2017-03-09 14:06:30 Info realpath=E:\image\b41.jpg
2017-03-09 14:06:30 Info strArg=E:\image\b41.jpg, filapath=E:\image\b41.jpg
2017-03-09 14:06:30 Info http://localhost:8986/SelectPPT?filepath=E%3a%5cimage%5cb41.jpg
2017-03-09 14:09:41 Info args: E:\image\b41.jpg.
2017-03-09 14:09:41 Info strArg=E:\image\b41.jpg
2017-03-09 14:09:41 Info realpath=E:\image\b41.jpg
2017-03-09 14:09:41 Info strArg=E:\image\b41.jpg, filapath=E:\image\b41.jpg
2017-03-09 14:09:41 Info http://localhost:8986/SelectPPT?filepath=E%3a%5cimage%5cb41.jpg
2017-03-09 14:20:15 Info args: E:\image\b41.jpg.
2017-03-09 14:20:15 Info strArg=E:\image\b41.jpg
2017-03-09 14:20:15 Info realpath=E:\image\b41.jpg
2017-03-09 14:20:15 Info strArg=E:\image\b41.jpg, filapath=E:\image\b41.jpg
2017-03-09 14:20:15 Info http://localhost:8986/SelectPPT?filepath=E%3a%5cimage%5cb41.jpg
2017-03-09 14:58:22 Info args: E:\image\b41.jpg.
2017-03-09 14:58:22 Info strArg=E:\image\b41.jpg
2017-03-09 14:58:22 Info realpath=E:\image\b41.jpg
2017-03-09 14:58:22 Info strArg=E:\image\b41.jpg, filapath=E:\image\b41.jpg
2017-03-09 14:58:22 Info http://localhost:8986/SelectPPT?filepath=E%3a%5cimage%5cb41.jpg
2017-03-09 14:58:24 Error 无法连接到远程服务器
2017-03-09 15:00:34 Info args: E:\image\b41.jpg.
2017-03-09 15:00:34 Info strArg=E:\image\b41.jpg
2017-03-09 15:00:34 Info realpath=E:\image\b41.jpg
2017-03-09 15:00:34 Info strArg=E:\image\b41.jpg, filapath=E:\image\b41.jpg
2017-03-09 15:00:34 Info http://localhost:8986/SelectPPT?filepath=E%3a%5cimage%5cb41.jpg
2017-03-09 15:04:20 Info args: E:\image\b41.jpg.
2017-03-09 15:04:20 Info strArg=E:\image\b41.jpg
2017-03-09 15:04:20 Info realpath=E:\image\b41.jpg
2017-03-09 15:04:20 Info strArg=E:\image\b41.jpg, filapath=E:\image\b41.jpg
2017-03-09 15:04:20 Info http://localhost:8986/SelectPPT?filepath=E%3a%5cimage%5cb41.jpg
2017-03-09 16:09:47 Info args: E:\image\b22.jpg.
2017-03-09 16:09:47 Info strArg=E:\image\b22.jpg
2017-03-09 16:09:47 Info realpath=E:\image\b22.jpg
2017-03-09 16:09:47 Info strArg=E:\image\b22.jpg, filapath=E:\image\b22.jpg
2017-03-09 16:09:47 Info http://localhost:8986/SelectPPT?filepath=E%3a%5cimage%5cb22.jpg
2017-03-09 16:32:20 Info args: E:\image\b22.jpg.
2017-03-09 16:32:20 Info strArg=E:\image\b22.jpg
2017-03-09 16:32:20 Info realpath=E:\image\b22.jpg
2017-03-09 16:32:20 Info strArg=E:\image\b22.jpg, filapath=E:\image\b22.jpg
2017-03-09 16:32:20 Info http://localhost:8986/SelectPPT?filepath=E%3a%5cimage%5cb22.jpg
2017-03-09 16:32:26 Info args: E:\image\b21.jpg.
2017-03-09 16:32:26 Info strArg=E:\image\b21.jpg
2017-03-09 16:32:26 Info realpath=E:\image\b21.jpg
2017-03-09 16:32:26 Info strArg=E:\image\b21.jpg, filapath=E:\image\b21.jpg
2017-03-09 16:32:26 Info http://localhost:8986/SelectPPT?filepath=E%3a%5cimage%5cb21.jpg
2017-03-09 16:33:22 Info args: E:\image\b21.jpg.
2017-03-09 16:33:22 Info strArg=E:\image\b21.jpg
2017-03-09 16:33:22 Info realpath=E:\image\b21.jpg
2017-03-09 16:33:22 Info strArg=E:\image\b21.jpg, filapath=E:\image\b21.jpg
2017-03-09 16:33:22 Info http://localhost:8986/SelectPPT?filepath=E%3a%5cimage%5cb21.jpg
2017-03-09 16:48:10 Info args: E:\image\b21.jpg.
2017-03-09 16:48:10 Info strArg=E:\image\b21.jpg
2017-03-09 16:48:10 Info realpath=E:\image\b21.jpg
2017-03-09 16:48:10 Info strArg=E:\image\b21.jpg, filapath=E:\image\b21.jpg
2017-03-09 16:48:10 Info http://localhost:8986/SelectPPT?filepath=E%3a%5cimage%5cb21.jpg
2017-03-09 16:48:22 Info args: E:\image\b21.jpg.
2017-03-09 16:48:22 Info strArg=E:\image\b21.jpg
2017-03-09 16:48:22 Info realpath=E:\image\b21.jpg
2017-03-09 16:48:22 Info strArg=E:\image\b21.jpg, filapath=E:\image\b21.jpg
2017-03-09 16:48:22 Info http://localhost:8986/SelectPPT?filepath=E%3a%5cimage%5cb21.jpg
2017-03-09 16:52:45 Info args: E:\image\b42.jpg.
2017-03-09 16:52:45 Info strArg=E:\image\b42.jpg
2017-03-09 16:52:45 Info realpath=E:\image\b42.jpg
2017-03-09 16:52:45 Info strArg=E:\image\b42.jpg, filapath=E:\image\b42.jpg
2017-03-09 16:52:45 Info http://localhost:8986/SelectPPT?filepath=E%3a%5cimage%5cb42.jpg
2017-03-09 16:52:45 Info args: E:\image\b22.jpg.
2017-03-09 16:52:45 Info strArg=E:\image\b22.jpg
2017-03-09 16:52:45 Info realpath=E:\image\b22.jpg
2017-03-09 16:52:45 Info strArg=E:\image\b22.jpg, filapath=E:\image\b22.jpg
2017-03-09 16:52:45 Info args: E:\image\b41.jpg.
2017-03-09 16:52:45 Info strArg=E:\image\b41.jpg
2017-03-09 16:52:45 Info realpath=E:\image\b41.jpg
2017-03-09 16:52:45 Info strArg=E:\image\b41.jpg, filapath=E:\image\b41.jpg
2017-03-09 16:52:45 Info args: E:\image\b21.jpg.
2017-03-09 16:52:45 Info strArg=E:\image\b21.jpg
2017-03-09 16:52:45 Info realpath=E:\image\b21.jpg
2017-03-09 16:52:45 Info strArg=E:\image\b21.jpg, filapath=E:\image\b21.jpg
2017-03-09 16:52:45 Info http://localhost:8986/SelectPPT?filepath=E%3a%5cimage%5cb22.jpg
2017-03-09 16:52:45 Info http://localhost:8986/SelectPPT?filepath=E%3a%5cimage%5cb41.jpg
2017-03-09 16:52:45 Info http://localhost:8986/SelectPPT?filepath=E%3a%5cimage%5cb21.jpg
2017-03-09 16:59:25 Info args: E:\image\b21.jpg.
2017-03-09 16:59:25 Info strArg=E:\image\b21.jpg
2017-03-09 16:59:25 Info realpath=E:\image\b21.jpg
2017-03-09 16:59:25 Info strArg=E:\image\b21.jpg, filapath=E:\image\b21.jpg
2017-03-09 16:59:25 Info args: E:\image\b42.jpg.
2017-03-09 16:59:25 Info strArg=E:\image\b42.jpg
2017-03-09 16:59:25 Info realpath=E:\image\b42.jpg
2017-03-09 16:59:25 Info strArg=E:\image\b42.jpg, filapath=E:\image\b42.jpg
2017-03-09 16:59:25 Info http://localhost:8986/SelectPPT?filepath=E%3a%5cimage%5cb21.jpg
2017-03-09 16:59:25 Info http://localhost:8986/SelectPPT?filepath=E%3a%5cimage%5cb42.jpg
2017-03-09 16:59:25 Info args: E:\image\b41.jpg.
2017-03-09 16:59:25 Info strArg=E:\image\b41.jpg
2017-03-09 16:59:25 Info realpath=E:\image\b41.jpg
2017-03-09 16:59:25 Info strArg=E:\image\b41.jpg, filapath=E:\image\b41.jpg
2017-03-09 16:59:25 Info http://localhost:8986/SelectPPT?filepath=E%3a%5cimage%5cb41.jpg
2017-03-09 16:59:25 Info args: E:\image\b22.jpg.
2017-03-09 16:59:25 Info strArg=E:\image\b22.jpg
2017-03-09 16:59:25 Info realpath=E:\image\b22.jpg
2017-03-09 16:59:25 Info strArg=E:\image\b22.jpg, filapath=E:\image\b22.jpg
2017-03-09 16:59:25 Info http://localhost:8986/SelectPPT?filepath=E%3a%5cimage%5cb22.jpg
2017-03-09 17:03:11 Info args: E:\image\b42.jpg.
2017-03-09 17:03:11 Info strArg=E:\image\b42.jpg
2017-03-09 17:03:11 Info realpath=E:\image\b42.jpg
2017-03-09 17:03:11 Info strArg=E:\image\b42.jpg, filapath=E:\image\b42.jpg
2017-03-09 17:03:11 Info args: E:\image\b21.jpg.
2017-03-09 17:03:11 Info strArg=E:\image\b21.jpg
2017-03-09 17:03:11 Info realpath=E:\image\b21.jpg
2017-03-09 17:03:11 Info strArg=E:\image\b21.jpg, filapath=E:\image\b21.jpg
2017-03-09 17:03:11 Info http://localhost:8986/SelectPPT?filepath=E%3a%5cimage%5cb42.jpg
2017-03-09 17:03:11 Info http://localhost:8986/SelectPPT?filepath=E%3a%5cimage%5cb21.jpg
2017-03-09 17:03:11 Info args: E:\image\b41.jpg.
2017-03-09 17:03:11 Info strArg=E:\image\b41.jpg
2017-03-09 17:03:11 Info realpath=E:\image\b41.jpg
2017-03-09 17:03:11 Info strArg=E:\image\b41.jpg, filapath=E:\image\b41.jpg
2017-03-09 17:03:11 Info args: E:\image\b22.jpg.
2017-03-09 17:03:11 Info strArg=E:\image\b22.jpg
2017-03-09 17:03:11 Info realpath=E:\image\b22.jpg
2017-03-09 17:03:11 Info strArg=E:\image\b22.jpg, filapath=E:\image\b22.jpg
2017-03-09 17:03:11 Info http://localhost:8986/SelectPPT?filepath=E%3a%5cimage%5cb41.jpg
2017-03-09 17:03:11 Info http://localhost:8986/SelectPPT?filepath=E%3a%5cimage%5cb22.jpg
2017-03-09 17:03:35 Info args: E:\image\b42.jpg.
2017-03-09 17:03:36 Info strArg=E:\image\b42.jpg
2017-03-09 17:03:36 Info realpath=E:\image\b42.jpg
2017-03-09 17:03:36 Info strArg=E:\image\b42.jpg, filapath=E:\image\b42.jpg
2017-03-09 17:03:36 Info http://localhost:8986/SelectPPT?filepath=E%3a%5cimage%5cb42.jpg
2017-03-09 17:03:36 Info args: E:\image\b41.jpg.
2017-03-09 17:03:36 Info strArg=E:\image\b41.jpg
2017-03-09 17:03:36 Info realpath=E:\image\b41.jpg
2017-03-09 17:03:36 Info args: E:\image\b21.jpg.
2017-03-09 17:03:36 Info strArg=E:\image\b21.jpg
2017-03-09 17:03:36 Info realpath=E:\image\b21.jpg
2017-03-09 17:03:36 Info strArg=E:\image\b21.jpg, filapath=E:\image\b21.jpg
2017-03-09 17:03:36 Info args: E:\image\b22.jpg.
2017-03-09 17:03:36 Info strArg=E:\image\b22.jpg
2017-03-09 17:03:36 Info realpath=E:\image\b22.jpg
2017-03-09 17:03:36 Info strArg=E:\image\b22.jpg, filapath=E:\image\b22.jpg
2017-03-09 17:03:36 Info http://localhost:8986/SelectPPT?filepath=E%3a%5cimage%5cb21.jpg
2017-03-09 17:03:36 Info http://localhost:8986/SelectPPT?filepath=E%3a%5cimage%5cb22.jpg
2017-03-09 17:03:36 Info http://localhost:8986/SelectPPT?filepath=E%3a%5cimage%5cb41.jpg
2017-03-09 17:14:32 Info args: E:\image\b42.jpg.
2017-03-09 17:14:32 Info strArg=E:\image\b42.jpg
2017-03-09 17:14:32 Info realpath=E:\image\b42.jpg
2017-03-09 17:14:32 Info strArg=E:\image\b42.jpg, filapath=E:\image\b42.jpg
2017-03-09 17:14:32 Info http://localhost:8986/SelectPPT?filepath=E%3a%5cimage%5cb42.jpg
2017-03-09 17:14:33 Info args: E:\image\b21.jpg.
2017-03-09 17:14:33 Info strArg=E:\image\b21.jpg
2017-03-09 17:14:33 Info realpath=E:\image\b21.jpg
2017-03-09 17:14:33 Info strArg=E:\image\b21.jpg, filapath=E:\image\b21.jpg
2017-03-09 17:14:33 Info http://localhost:8986/SelectPPT?filepath=E%3a%5cimage%5cb21.jpg
2017-03-09 17:14:33 Info args: E:\image\b41.jpg.
2017-03-09 17:14:33 Info strArg=E:\image\b41.jpg
2017-03-09 17:14:33 Info realpath=E:\image\b41.jpg
2017-03-09 17:14:33 Info strArg=E:\image\b41.jpg, filapath=E:\image\b41.jpg
2017-03-09 17:14:33 Info http://localhost:8986/SelectPPT?filepath=E%3a%5cimage%5cb41.jpg
2017-03-09 17:14:33 Info args: E:\image\b22.jpg.
2017-03-09 17:14:33 Info strArg=E:\image\b22.jpg
2017-03-09 17:14:33 Info realpath=E:\image\b22.jpg
2017-03-09 17:14:33 Info strArg=E:\image\b22.jpg, filapath=E:\image\b22.jpg
2017-03-09 17:14:33 Info http://localhost:8986/SelectPPT?filepath=E%3a%5cimage%5cb22.jpg
2017-03-09 17:14:35 Error 无法连接到远程服务器
2017-03-09 17:14:36 Error 无法连接到远程服务器
2017-03-09 17:14:36 Error 无法连接到远程服务器
2017-03-09 17:14:36 Error 无法连接到远程服务器
2017-03-09 17:31:23 Info args: E:\image\b42.jpg.
2017-03-09 17:31:23 Info strArg=E:\image\b42.jpg
2017-03-09 17:31:23 Info realpath=E:\image\b42.jpg
2017-03-09 17:31:23 Info strArg=E:\image\b42.jpg, filapath=E:\image\b42.jpg
2017-03-09 17:31:24 Info http://localhost:8986/SelectPPT?filepath=E%3a%5cimage%5cb42.jpg
2017-03-09 17:31:24 Info args: E:\image\b21.jpg.
2017-03-09 17:31:24 Info strArg=E:\image\b21.jpg
2017-03-09 17:31:24 Info realpath=E:\image\b21.jpg
2017-03-09 17:31:24 Info strArg=E:\image\b21.jpg, filapath=E:\image\b21.jpg
2017-03-09 17:31:24 Info http://localhost:8986/SelectPPT?filepath=E%3a%5cimage%5cb21.jpg
2017-03-09 17:31:24 Info args: E:\image\b22.jpg.
2017-03-09 17:31:24 Info strArg=E:\image\b22.jpg
2017-03-09 17:31:24 Info realpath=E:\image\b22.jpg
2017-03-09 17:31:24 Info strArg=E:\image\b22.jpg, filapath=E:\image\b22.jpg
2017-03-09 17:31:24 Info args: E:\image\b41.jpg.
2017-03-09 17:31:24 Info strArg=E:\image\b41.jpg
2017-03-09 17:31:24 Info realpath=E:\image\b41.jpg
2017-03-09 17:31:24 Info strArg=E:\image\b41.jpg, filapath=E:\image\b41.jpg
2017-03-09 17:31:24 Info http://localhost:8986/SelectPPT?filepath=E%3a%5cimage%5cb22.jpg
2017-03-09 17:31:24 Info http://localhost:8986/SelectPPT?filepath=E%3a%5cimage%5cb41.jpg
2017-03-09 17:31:48 Info args: E:\image\logo_bd.png.
2017-03-09 17:31:48 Info strArg=E:\image\logo_bd.png
2017-03-09 17:31:48 Info realpath=E:\image\logo_bd.png
2017-03-09 17:31:48 Info strArg=E:\image\logo_bd.png, filapath=E:\image\logo_bd.png
2017-03-09 17:31:48 Info http://localhost:8986/SelectPPT?filepath=E%3a%5cimage%5clogo_bd.png
2017-03-09 17:31:48 Info args: E:\image\star2.png.
2017-03-09 17:31:48 Info strArg=E:\image\star2.png
2017-03-09 17:31:48 Info realpath=E:\image\star2.png
2017-03-09 17:31:48 Info strArg=E:\image\star2.png, filapath=E:\image\star2.png
2017-03-09 17:31:48 Info http://localhost:8986/SelectPPT?filepath=E%3a%5cimage%5cstar2.png
2017-03-09 17:31:48 Info args: E:\image\star1.png.
2017-03-09 17:31:48 Info strArg=E:\image\star1.png
2017-03-09 17:31:48 Info realpath=E:\image\star1.png
2017-03-09 17:31:48 Info strArg=E:\image\star1.png, filapath=E:\image\star1.png
2017-03-09 17:31:48 Info args: E:\image\star3.png.
2017-03-09 17:31:48 Info strArg=E:\image\star3.png
2017-03-09 17:31:48 Info realpath=E:\image\star3.png
2017-03-09 17:31:48 Info strArg=E:\image\star3.png, filapath=E:\image\star3.png
2017-03-09 17:31:48 Info http://localhost:8986/SelectPPT?filepath=E%3a%5cimage%5cstar1.png
2017-03-09 17:31:48 Info http://localhost:8986/SelectPPT?filepath=E%3a%5cimage%5cstar3.png
2017-04-08 17:45:30 Info args: D:\如e小助手_Debug\20170408\1_174047.jpg.
2017-04-08 17:45:30 Info strArg=D:\如e小助手_Debug\20170408\1_174047.jpg
2017-04-08 17:45:30 Info realpath=D:\如e小助手_Debug\20170408\1_174047.jpg
2017-04-08 17:45:30 Info strArg=D:\如e小助手_Debug\20170408\1_174047.jpg, filapath=D:\如e小助手_Debug\20170408\1_174047.jpg
2017-04-08 17:45:31 Info strArg=D:\如e小助手_Debug\20170408\4_174459.jpg
2017-04-08 17:45:31 Info realpath=D:\如e小助手_Debug\20170408\1_174459.jpg
2017-04-08 17:45:31 Info strArg=D:\如e小助手_Debug\20170408\4_174459.jpg, filapath=D:\如e小助手_Debug\20170408\4_174459.jpg
2017-04-08 17:45:31 Info strArg=D:\如e小助手_Debug\20170408\1_174459.jpg, filapath=D:\如e小助手_Debug\20170408\1_174459.jpg
2017-04-08 17:45:31 Info strArg=D:\如e小助手_Debug\20170408\4_174047.jpg
2017-04-08 17:45:31 Info realpath=D:\如e小助手_Debug\20170408\4_174047.jpg
2017-04-08 17:45:31 Info strArg=D:\如e小助手_Debug\20170408\4_174047.jpg, filapath=D:\如e小助手_Debug\20170408\4_174047.jpg
2017-04-08 17:45:32 Info http://localhost:8986/SelectPPT?filepath=D%3a%5c%e5%a6%82e%e5%b0%8f%e5%8a%a9%e6%89%8b_Debug%5c20170408%5c4_174459.jpg
2017-04-08 17:45:32 Info http://localhost:8986/SelectPPT?filepath=D%3a%5c%e5%a6%82e%e5%b0%8f%e5%8a%a9%e6%89%8b_Debug%5c20170408%5c1_174459.jpg
2017-04-08 17:45:32 Info http://localhost:8986/SelectPPT?filepath=D%3a%5c%e5%a6%82e%e5%b0%8f%e5%8a%a9%e6%89%8b_Debug%5c20170408%5c4_174047.jpg
2017-04-12 14:46:53 Info args: C:\Users\admin\Desktop\PPT\五年级下册数学课件_众数.ppt.
2017-04-12 14:46:53 Info strArg=C:\Users\admin\Desktop\PPT\五年级下册数学课件_众数.ppt
2017-04-12 14:46:53 Info realpath=C:\Users\admin\Desktop\PPT\五年级下册数学课件_众数.ppt
2017-04-12 14:46:53 Info strArg=C:\Users\admin\Desktop\PPT\五年级下册数学课件_众数.ppt, filapath=C:\Users\admin\Desktop\PPT\五年级下册数学课件_众数.ppt
2017-04-12 14:46:53 Info http://localhost:8986/SelectPPT?filepath=C%3a%5cUsers%5cadmin%5cDesktop%5cPPT%5c%e4%ba%94%e5%b9%b4%e7%ba%a7%e4%b8%8b%e5%86%8c%e6%95%b0%e5%ad%a6%e8%af%be%e4%bb%b6_%e4%bc%97%e6%95%b0.ppt
2017-06-09 09:10:40 Info args: C:\Users\admin\Desktop\ss.pptx.
2017-06-09 09:10:40 Info strArg=C:\Users\admin\Desktop\ss.pptx
2017-06-09 09:10:40 Info realpath=C:\Users\admin\Desktop\ss.pptx
2017-06-09 09:10:40 Info strArg=C:\Users\admin\Desktop\ss.pptx, filapath=C:\Users\admin\Desktop\ss.pptx
2017-06-09 09:10:40 Info http://localhost:8986/SelectPPT?filepath=C%3a%5cUsers%5cadmin%5cDesktop%5css.pptx
2017-06-09 09:14:01 Info args: C:\Users\admin\Desktop\ss.pptx.
2017-06-09 09:14:01 Info strArg=C:\Users\admin\Desktop\ss.pptx
2017-06-09 09:14:01 Info realpath=C:\Users\admin\Desktop\ss.pptx
2017-06-09 09:14:01 Info strArg=C:\Users\admin\Desktop\ss.pptx, filapath=C:\Users\admin\Desktop\ss.pptx
2017-06-09 09:14:01 Info http://localhost:8986/SelectPPT?filepath=C%3a%5cUsers%5cadmin%5cDesktop%5css.pptx
2017-06-09 09:14:36 Info args: C:\Users\admin\Desktop\ss.pptx.
2017-06-09 09:14:36 Info strArg=C:\Users\admin\Desktop\ss.pptx
2017-06-09 09:14:36 Info realpath=C:\Users\admin\Desktop\ss.pptx
2017-06-09 09:14:36 Info strArg=C:\Users\admin\Desktop\ss.pptx, filapath=C:\Users\admin\Desktop\ss.pptx
2017-06-09 09:14:36 Info http://localhost:8986/SelectPPT?filepath=C%3a%5cUsers%5cadmin%5cDesktop%5css.pptx
2017-06-09 09:15:19 Info args: C:\Users\admin\Desktop\ss.pptx.
2017-06-09 09:15:19 Info strArg=C:\Users\admin\Desktop\ss.pptx
2017-06-09 09:15:19 Info realpath=C:\Users\admin\Desktop\ss.pptx
2017-06-09 09:15:19 Info strArg=C:\Users\admin\Desktop\ss.pptx, filapath=C:\Users\admin\Desktop\ss.pptx
2017-06-09 09:15:19 Info http://localhost:8986/SelectPPT?filepath=C%3a%5cUsers%5cadmin%5cDesktop%5css.pptx
2017-06-09 09:15:58 Info args: C:\Users\admin\Desktop\新建文本文档.txt.
2017-06-09 09:15:58 Info strArg=C:\Users\admin\Desktop\新建文本文档.txt
2017-06-09 09:15:58 Info realpath=C:\Users\admin\Desktop\新建文本文档.txt
2017-06-09 09:15:58 Info strArg=C:\Users\admin\Desktop\新建文本文档.txt, filapath=C:\Users\admin\Desktop\新建文本文档.txt
2017-06-09 09:16:07 Info args: C:\Users\admin\Desktop\PPT\五年级下册数学课件_众数.ppt.
2017-06-09 09:16:07 Info strArg=C:\Users\admin\Desktop\PPT\五年级下册数学课件_众数.ppt
2017-06-09 09:16:07 Info realpath=C:\Users\admin\Desktop\PPT\五年级下册数学课件_众数.ppt
2017-06-09 09:16:07 Info strArg=C:\Users\admin\Desktop\PPT\五年级下册数学课件_众数.ppt, filapath=C:\Users\admin\Desktop\PPT\五年级下册数学课件_众数.ppt
2017-06-09 09:16:07 Info http://localhost:8986/SelectPPT?filepath=C%3a%5cUsers%5cadmin%5cDesktop%5cPPT%5c%e4%ba%94%e5%b9%b4%e7%ba%a7%e4%b8%8b%e5%86%8c%e6%95%b0%e5%ad%a6%e8%af%be%e4%bb%b6_%e4%bc%97%e6%95%b0.ppt
2017-06-15 14:14:09 Info args: C:\Users\admin\Desktop\ss.pptx.
2017-06-15 14:14:09 Info strArg=C:\Users\admin\Desktop\ss.pptx
2017-06-15 14:14:09 Info realpath=C:\Users\admin\Desktop\ss.pptx
2017-06-15 14:14:09 Info strArg=C:\Users\admin\Desktop\ss.pptx, filapath=C:\Users\admin\Desktop\ss.pptx
2017-06-15 14:14:09 Info http://localhost:8986/SelectPPT?filepath=C%3a%5cUsers%5cadmin%5cDesktop%5css.pptx
2017-06-15 14:25:32 Info args: C:\Users\admin\Desktop\ss.pptx.
2017-06-15 14:25:32 Info strArg=C:\Users\admin\Desktop\ss.pptx
2017-06-15 14:25:32 Info realpath=C:\Users\admin\Desktop\ss.pptx
2017-06-15 14:25:32 Info strArg=C:\Users\admin\Desktop\ss.pptx, filapath=C:\Users\admin\Desktop\ss.pptx
2017-06-15 14:25:32 Info http://localhost:8986/SelectPPT?filepath=C%3a%5cUsers%5cadmin%5cDesktop%5css.pptx
2017-06-15 14:35:08 Info args: C:\Users\admin\Desktop\ss.pptx.
2017-06-15 14:35:08 Info strArg=C:\Users\admin\Desktop\ss.pptx
2017-06-15 14:35:08 Info realpath=C:\Users\admin\Desktop\ss.pptx
2017-06-15 14:35:08 Info strArg=C:\Users\admin\Desktop\ss.pptx, filapath=C:\Users\admin\Desktop\ss.pptx
2017-06-15 14:35:08 Info http://localhost:8986/SelectPPT?filepath=C%3a%5cUsers%5cadmin%5cDesktop%5css.pptx
2017-06-15 14:56:42 Info args: C:\Users\admin\Desktop\ss.pptx.
2017-06-15 14:56:42 Info strArg=C:\Users\admin\Desktop\ss.pptx
2017-06-15 14:56:42 Info realpath=C:\Users\admin\Desktop\ss.pptx
2017-06-15 14:56:42 Info strArg=C:\Users\admin\Desktop\ss.pptx, filapath=C:\Users\admin\Desktop\ss.pptx
2017-06-15 14:56:42 Info http://localhost:8986/SelectPPT?filepath=C%3a%5cUsers%5cadmin%5cDesktop%5css.pptx
2017-06-15 15:01:45 Info args: C:\Users\admin\Desktop\ss.pptx.
2017-06-15 15:01:46 Info strArg=C:\Users\admin\Desktop\ss.pptx
2017-06-15 15:01:46 Info realpath=C:\Users\admin\Desktop\ss.pptx
2017-06-15 15:01:46 Info strArg=C:\Users\admin\Desktop\ss.pptx, filapath=C:\Users\admin\Desktop\ss.pptx
2017-06-15 15:01:46 Info http://localhost:8986/SelectPPT?filepath=C%3a%5cUsers%5cadmin%5cDesktop%5css.pptx
2017-06-15 15:09:57 Info args: C:\Users\admin\Desktop\ss.pptx.
2017-06-15 15:09:57 Info strArg=C:\Users\admin\Desktop\ss.pptx
2017-06-15 15:09:57 Info realpath=C:\Users\admin\Desktop\ss.pptx
2017-06-15 15:09:57 Info strArg=C:\Users\admin\Desktop\ss.pptx, filapath=C:\Users\admin\Desktop\ss.pptx
2017-06-15 15:09:57 Info http://localhost:8986/SelectPPT?filepath=C%3a%5cUsers%5cadmin%5cDesktop%5css.pptx
2017-07-12 16:52:51 Info args: C:\Users\admin\Desktop\ss.pptx.
2017-07-12 16:52:51 Info strArg=C:\Users\admin\Desktop\ss.pptx
2017-07-12 16:52:51 Info realpath=C:\Users\admin\Desktop\ss.pptx
2017-07-12 16:52:51 Info strArg=C:\Users\admin\Desktop\ss.pptx, filapath=C:\Users\admin\Desktop\ss.pptx
2017-07-12 16:52:52 Info http://localhost:8986/SelectPPT?filepath=C%3a%5cUsers%5cadmin%5cDesktop%5css.pptx
2017-07-12 16:54:28 Info args: C:\Users\admin\Desktop\组网方案.pptx.
2017-07-12 16:54:28 Info strArg=C:\Users\admin\Desktop\组网方案.pptx
2017-07-12 16:54:28 Info realpath=C:\Users\admin\Desktop\组网方案.pptx
2017-07-12 16:54:28 Info strArg=C:\Users\admin\Desktop\组网方案.pptx, filapath=C:\Users\admin\Desktop\组网方案.pptx
2017-07-12 16:54:28 Info http://localhost:8986/SelectPPT?filepath=C%3a%5cUsers%5cadmin%5cDesktop%5c%e7%bb%84%e7%bd%91%e6%96%b9%e6%a1%88.pptx
2017-08-31 09:47:02 Info args: C:\Users\admin\Desktop\小学数学《分米的认识》.ppt.
2017-08-31 09:47:02 Info strArg=C:\Users\admin\Desktop\小学数学《分米的认识》.ppt
2017-08-31 09:47:02 Info realpath=C:\Users\admin\Desktop\小学数学《分米的认识》.ppt
2017-08-31 09:47:02 Info strArg=C:\Users\admin\Desktop\小学数学《分米的认识》.ppt, filapath=C:\Users\admin\Desktop\小学数学《分米的认识》.ppt
2017-08-31 09:47:02 Info http://localhost:8986/SelectPPT?filepath=C%3a%5cUsers%5cadmin%5cDesktop%5c%e5%b0%8f%e5%ad%a6%e6%95%b0%e5%ad%a6%e3%80%8a%e5%88%86%e7%b1%b3%e7%9a%84%e8%ae%a4%e8%af%86%e3%80%8b.ppt
2017-08-31 10:17:50 Info args: C:\Users\admin\Desktop\小学数学《分米的认识》.ppt.
2017-08-31 10:17:50 Info strArg=C:\Users\admin\Desktop\小学数学《分米的认识》.ppt
2017-08-31 10:17:50 Info realpath=C:\Users\admin\Desktop\小学数学《分米的认识》.ppt
2017-08-31 10:17:50 Info strArg=C:\Users\admin\Desktop\小学数学《分米的认识》.ppt, filapath=C:\Users\admin\Desktop\小学数学《分米的认识》.ppt
2017-08-31 10:17:50 Info http://localhost:8986/SelectPPT?filepath=C%3a%5cUsers%5cadmin%5cDesktop%5c%e5%b0%8f%e5%ad%a6%e6%95%b0%e5%ad%a6%e3%80%8a%e5%88%86%e7%b1%b3%e7%9a%84%e8%ae%a4%e8%af%86%e3%80%8b.ppt
2017-08-31 10:18:17 Info args: C:\Users\admin\Desktop\小学数学《分米的认识》.ppt.
2017-08-31 10:18:17 Info strArg=C:\Users\admin\Desktop\小学数学《分米的认识》.ppt
2017-08-31 10:18:17 Info realpath=C:\Users\admin\Desktop\小学数学《分米的认识》.ppt
2017-08-31 10:18:17 Info strArg=C:\Users\admin\Desktop\小学数学《分米的认识》.ppt, filapath=C:\Users\admin\Desktop\小学数学《分米的认识》.ppt
2017-08-31 10:18:17 Info http://localhost:8986/SelectPPT?filepath=C%3a%5cUsers%5cadmin%5cDesktop%5c%e5%b0%8f%e5%ad%a6%e6%95%b0%e5%ad%a6%e3%80%8a%e5%88%86%e7%b1%b3%e7%9a%84%e8%ae%a4%e8%af%86%e3%80%8b.ppt
2017-08-31 10:33:34 Info args: C:\Users\admin\Desktop\小学数学《分米的认识》.ppt.
2017-08-31 10:33:34 Info strArg=C:\Users\admin\Desktop\小学数学《分米的认识》.ppt
2017-08-31 10:33:34 Info realpath=C:\Users\admin\Desktop\小学数学《分米的认识》.ppt
2017-08-31 10:33:34 Info strArg=C:\Users\admin\Desktop\小学数学《分米的认识》.ppt, filapath=C:\Users\admin\Desktop\小学数学《分米的认识》.ppt
2017-08-31 10:33:35 Info http://localhost:8986/SelectPPT?filepath=C%3a%5cUsers%5cadmin%5cDesktop%5c%e5%b0%8f%e5%ad%a6%e6%95%b0%e5%ad%a6%e3%80%8a%e5%88%86%e7%b1%b3%e7%9a%84%e8%ae%a4%e8%af%86%e3%80%8b.ppt
2017-10-10 17:31:11 Info args: C:\Users\admin\Desktop\q0018b8a62a.flv.
2017-10-10 17:31:11 Info strArg=C:\Users\admin\Desktop\q0018b8a62a.flv
2017-10-10 17:31:11 Info realpath=C:\Users\admin\Desktop\q0018b8a62a.flv
2017-10-10 17:31:11 Info strArg=C:\Users\admin\Desktop\q0018b8a62a.flv, filapath=C:\Users\admin\Desktop\q0018b8a62a.flv
2017-10-10 17:52:50 Info args: C:\Users\admin\Desktop\组网方案.pptx.
2017-10-10 17:52:50 Info strArg=C:\Users\admin\Desktop\组网方案.pptx
2017-10-10 17:52:50 Info realpath=C:\Users\admin\Desktop\组网方案.pptx
2017-10-10 17:52:50 Info strArg=C:\Users\admin\Desktop\组网方案.pptx, filapath=C:\Users\admin\Desktop\组网方案.pptx
2017-10-10 17:52:50 Info http://localhost:8986/SelectPPT?filepath=C%3a%5cUsers%5cadmin%5cDesktop%5c%e7%bb%84%e7%bd%91%e6%96%b9%e6%a1%88.pptx
2017-10-10 17:53:05 Info args: C:\Users\admin\Desktop\q0018b8a62a.flv.
2017-10-10 17:53:05 Info strArg=C:\Users\admin\Desktop\q0018b8a62a.flv
2017-10-10 17:53:05 Info realpath=C:\Users\admin\Desktop\q0018b8a62a.flv
2017-10-10 17:53:05 Info strArg=C:\Users\admin\Desktop\q0018b8a62a.flv, filapath=C:\Users\admin\Desktop\q0018b8a62a.flv
2017-10-10 17:55:58 Info args: C:\Users\admin\Desktop\FLVHarness.swf.
2017-10-10 17:55:58 Info strArg=C:\Users\admin\Desktop\FLVHarness.swf
2017-10-10 17:55:58 Info realpath=C:\Users\admin\Desktop\FLVHarness.swf
2017-10-10 17:55:58 Info strArg=C:\Users\admin\Desktop\FLVHarness.swf, filapath=C:\Users\admin\Desktop\FLVHarness.swf
2017-10-10 17:55:58 Info http://localhost:8986/SelectPPT?filepath=C%3a%5cUsers%5cadmin%5cDesktop%5cFLVHarness.swf
2017-10-10 17:58:31 Info args: E:\PPT\视频文件\q0018b8a62a.flv.
2017-10-10 17:58:31 Info strArg=E:\PPT\视频文件\q0018b8a62a.flv
2017-10-10 17:58:31 Info realpath=E:\PPT\视频文件\q0018b8a62a.flv
2017-10-10 17:58:31 Info strArg=E:\PPT\视频文件\q0018b8a62a.flv, filapath=E:\PPT\视频文件\q0018b8a62a.flv
2017-10-10 17:58:42 Info args: E:\PPT\视频文件\教学视频完成版.720p.mp4.
2017-10-10 17:58:42 Info strArg=E:\PPT\视频文件\教学视频完成版.720p.mp4
2017-10-10 17:58:42 Info realpath=E:\PPT\视频文件\教学视频完成版.720p.mp4
2017-10-10 17:58:42 Info strArg=E:\PPT\视频文件\教学视频完成版.720p.mp4, filapath=E:\PPT\视频文件\教学视频完成版.720p.mp4
2017-10-10 17:58:42 Info http://localhost:8986/SelectPPT?filepath=E%3a%5cPPT%5c%e8%a7%86%e9%a2%91%e6%96%87%e4%bb%b6%5c%e6%95%99%e5%ad%a6%e8%a7%86%e9%a2%91%e5%ae%8c%e6%88%90%e7%89%88.720p.mp4
2017-10-10 18:00:42 Info args: E:\PPT\视频文件\8.swf.
2017-10-10 18:00:42 Info strArg=E:\PPT\视频文件\8.swf
2017-10-10 18:00:42 Info realpath=E:\PPT\视频文件\8.swf
2017-10-10 18:00:42 Info strArg=E:\PPT\视频文件\8.swf, filapath=E:\PPT\视频文件\8.swf
2017-10-10 18:00:42 Info http://localhost:8986/SelectPPT?filepath=E%3a%5cPPT%5c%e8%a7%86%e9%a2%91%e6%96%87%e4%bb%b6%5c8.swf
2017-10-10 18:03:16 Info args: E:\PPT\视频文件\a8.mp4.
2017-10-10 18:03:16 Info strArg=E:\PPT\视频文件\a8.mp4
2017-10-10 18:03:16 Info realpath=E:\PPT\视频文件\a8.mp4
2017-10-10 18:03:16 Info strArg=E:\PPT\视频文件\a8.mp4, filapath=E:\PPT\视频文件\a8.mp4
2017-10-10 18:03:16 Info http://localhost:8986/SelectPPT?filepath=E%3a%5cPPT%5c%e8%a7%86%e9%a2%91%e6%96%87%e4%bb%b6%5ca8.mp4
