2016-12-29 14:48:09 Info args: E:\PPT\五年级下册数学课件_众数.ppt.
2016-12-29 14:48:10 Info strArg=E:\PPT\五年级下册数学课件_众数.ppt
2016-12-29 14:48:10 Info realpath=E:\PPT\五年级下册数学课件_众数.ppt
2016-12-29 14:48:10 Info strArg=E:\PPT\五年级下册数学课件_众数.ppt, filapath=E:\PPT\五年级下册数学课件_众数.ppt
2016-12-29 14:48:10 Info http://localhost:8986/SelectPPT?filepath=E%3a%5cPPT%5c%e4%ba%94%e5%b9%b4%e7%ba%a7%e4%b8%8b%e5%86%8c%e6%95%b0%e5%ad%a6%e8%af%be%e4%bb%b6_%e4%bc%97%e6%95%b0.ppt
2017-01-05 09:19:14 Info args: E:\PPT\五年级数学课件积的近似数.ppt.
2017-01-05 09:19:15 Info strArg=E:\PPT\五年级数学课件积的近似数.ppt
2017-01-05 09:19:15 Info realpath=E:\PPT\五年级数学课件积的近似数.ppt
2017-01-05 09:19:15 Info strArg=E:\PPT\五年级数学课件积的近似数.ppt, filapath=E:\PPT\五年级数学课件积的近似数.ppt
2017-01-05 09:19:15 Info http://localhost:8986/SelectPPT?filepath=E%3a%5cPPT%5c%e4%ba%94%e5%b9%b4%e7%ba%a7%e6%95%b0%e5%ad%a6%e8%af%be%e4%bb%b6%e7%a7%af%e7%9a%84%e8%bf%91%e4%bc%bc%e6%95%b0.ppt
2017-01-06 17:14:58 Info args: E:\PPT\ruyi.pdf.
2017-01-06 17:14:59 Info strArg=E:\PPT\ruyi.pdf
2017-01-06 17:14:59 Info realpath=E:\PPT\ruyi.pdf
2017-01-06 17:14:59 Info strArg=E:\PPT\ruyi.pdf, filapath=E:\PPT\ruyi.pdf
2017-01-06 17:14:59 Info http://localhost:8986/SelectPPT?filepath=E%3a%5cPPT%5cruyi.pdf
2017-01-06 17:16:13 Info args: E:\PPT\ruyi.pdf.
2017-01-06 17:16:13 Info strArg=E:\PPT\ruyi.pdf
2017-01-06 17:16:13 Info realpath=E:\PPT\ruyi.pdf
2017-01-06 17:16:13 Info strArg=E:\PPT\ruyi.pdf, filapath=E:\PPT\ruyi.pdf
2017-01-06 17:16:13 Info http://localhost:8986/SelectPPT?filepath=E%3a%5cPPT%5cruyi.pdf
2017-01-06 17:59:24 Info args: E:\PPT\ruyi.pdf.
2017-01-06 17:59:25 Info strArg=E:\PPT\ruyi.pdf
2017-01-06 17:59:25 Info realpath=E:\PPT\ruyi.pdf
2017-01-06 17:59:25 Info strArg=E:\PPT\ruyi.pdf, filapath=E:\PPT\ruyi.pdf
2017-01-06 17:59:25 Info http://localhost:8986/SelectPPT?filepath=E%3a%5cPPT%5cruyi.pdf
2017-01-06 17:59:59 Info args: E:\PPT\TestDocx.docx.
2017-01-06 17:59:59 Info strArg=E:\PPT\TestDocx.docx
2017-01-06 17:59:59 Info realpath=E:\PPT\TestDocx.docx
2017-01-06 17:59:59 Info strArg=E:\PPT\TestDocx.docx, filapath=E:\PPT\TestDocx.docx
2017-01-06 17:59:59 Info http://localhost:8986/SelectPPT?filepath=E%3a%5cPPT%5cTestDocx.docx
2017-01-06 18:04:00 Info args: E:\PPT\TestDocx.docx.
2017-01-06 18:04:00 Info strArg=E:\PPT\TestDocx.docx
2017-01-06 18:04:00 Info realpath=E:\PPT\TestDocx.docx
2017-01-06 18:04:00 Info strArg=E:\PPT\TestDocx.docx, filapath=E:\PPT\TestDocx.docx
2017-01-06 18:04:00 Info http://localhost:8986/SelectPPT?filepath=E%3a%5cPPT%5cTestDocx.docx
2017-01-07 16:18:53 Info args: E:\PPT\ruyi.pdf.
2017-01-07 16:18:53 Info strArg=E:\PPT\ruyi.pdf
2017-01-07 16:18:53 Info realpath=E:\PPT\ruyi.pdf
2017-01-07 16:18:53 Info strArg=E:\PPT\ruyi.pdf, filapath=E:\PPT\ruyi.pdf
2017-01-07 16:18:53 Info http://localhost:8986/SelectPPT?filepath=E%3a%5cPPT%5cruyi.pdf
2017-01-07 16:18:55 Error 远程服务器返回错误: (400) 错误的请求。
2017-01-07 16:19:19 Info args: E:\PPT\ruyi.pdf.
2017-01-07 16:19:19 Info strArg=E:\PPT\ruyi.pdf
2017-01-07 16:19:19 Info realpath=E:\PPT\ruyi.pdf
2017-01-07 16:19:19 Info strArg=E:\PPT\ruyi.pdf, filapath=E:\PPT\ruyi.pdf
2017-01-07 16:19:19 Info http://localhost:8986/SelectPPT?filepath=E%3a%5cPPT%5cruyi.pdf
2017-01-07 16:19:22 Info args: E:\PPT\ruyi.pdf.
2017-01-07 16:19:22 Info strArg=E:\PPT\ruyi.pdf
2017-01-07 16:19:22 Info realpath=E:\PPT\ruyi.pdf
2017-01-07 16:19:22 Info strArg=E:\PPT\ruyi.pdf, filapath=E:\PPT\ruyi.pdf
2017-01-07 16:19:22 Info http://localhost:8986/SelectPPT?filepath=E%3a%5cPPT%5cruyi.pdf
2017-01-07 16:21:44 Info args: E:\PPT\ruyi.pdf.
2017-01-07 16:21:44 Info strArg=E:\PPT\ruyi.pdf
2017-01-07 16:21:44 Info realpath=E:\PPT\ruyi.pdf
2017-01-07 16:21:44 Info strArg=E:\PPT\ruyi.pdf, filapath=E:\PPT\ruyi.pdf
2017-01-07 16:21:44 Info http://localhost:8986/SelectPPT?filepath=E%3a%5cPPT%5cruyi.pdf
2017-01-07 16:43:27 Info args: E:\PPT\ruyi.pdf.
2017-01-07 16:43:27 Info strArg=E:\PPT\ruyi.pdf
2017-01-07 16:43:27 Info realpath=E:\PPT\ruyi.pdf
2017-01-07 16:43:27 Info strArg=E:\PPT\ruyi.pdf, filapath=E:\PPT\ruyi.pdf
2017-01-07 16:43:27 Info http://localhost:8986/SelectPPT?filepath=E%3a%5cPPT%5cruyi.pdf
2017-01-10 15:40:31 Info args: E:\PPT\ruyi.pdf.
2017-01-10 15:40:31 Info strArg=E:\PPT\ruyi.pdf
2017-01-10 15:40:31 Info realpath=E:\PPT\ruyi.pdf
2017-01-10 15:40:31 Info strArg=E:\PPT\ruyi.pdf, filapath=E:\PPT\ruyi.pdf
2017-01-10 15:40:32 Info http://localhost:8986/SelectPPT?filepath=E%3a%5cPPT%5cruyi.pdf
2017-01-10 15:42:50 Info args: E:\PPT\演示课件《分米的认识》.ppt.
2017-01-10 15:42:50 Info strArg=E:\PPT\演示课件《分米的认识》.ppt
2017-01-10 15:42:50 Info realpath=E:\PPT\演示课件《分米的认识》.ppt
2017-01-10 15:42:50 Info strArg=E:\PPT\演示课件《分米的认识》.ppt, filapath=E:\PPT\演示课件《分米的认识》.ppt
2017-01-10 15:42:50 Info http://localhost:8986/SelectPPT?filepath=E%3a%5cPPT%5c%e6%bc%94%e7%a4%ba%e8%af%be%e4%bb%b6%e3%80%8a%e5%88%86%e7%b1%b3%e7%9a%84%e8%ae%a4%e8%af%86%e3%80%8b.ppt
2017-01-10 15:50:46 Info args: E:\PPT\演示课件《分米的认识》.ppt.
2017-01-10 15:50:46 Info strArg=E:\PPT\演示课件《分米的认识》.ppt
2017-01-10 15:50:46 Info realpath=E:\PPT\演示课件《分米的认识》.ppt
2017-01-10 15:50:46 Info strArg=E:\PPT\演示课件《分米的认识》.ppt, filapath=E:\PPT\演示课件《分米的认识》.ppt
2017-01-10 15:50:46 Info http://localhost:8986/SelectPPT?filepath=E%3a%5cPPT%5c%e6%bc%94%e7%a4%ba%e8%af%be%e4%bb%b6%e3%80%8a%e5%88%86%e7%b1%b3%e7%9a%84%e8%ae%a4%e8%af%86%e3%80%8b.ppt
2017-01-10 15:50:46 Info args: E:\PPT\ruyi.pdf.
2017-01-10 15:50:46 Info strArg=E:\PPT\ruyi.pdf
2017-01-10 15:50:46 Info realpath=E:\PPT\ruyi.pdf
2017-01-10 15:50:46 Info strArg=E:\PPT\ruyi.pdf, filapath=E:\PPT\ruyi.pdf
2017-01-10 15:50:46 Info http://localhost:8986/SelectPPT?filepath=E%3a%5cPPT%5cruyi.pdf
2017-01-10 15:50:54 Info args: E:\PPT\TestDocx.docx.
2017-01-10 15:50:54 Info strArg=E:\PPT\TestDocx.docx
2017-01-10 15:50:54 Info realpath=E:\PPT\TestDocx.docx
2017-01-10 15:50:54 Info strArg=E:\PPT\TestDocx.docx, filapath=E:\PPT\TestDocx.docx
2017-01-10 15:50:54 Info http://localhost:8986/SelectPPT?filepath=E%3a%5cPPT%5cTestDocx.docx
2017-01-10 16:22:20 Info args: E:\PPT\TestDocx.pdf.
2017-01-10 16:22:20 Info strArg=E:\PPT\TestDocx.pdf
2017-01-10 16:22:20 Info realpath=E:\PPT\TestDocx.pdf
2017-01-10 16:22:20 Info strArg=E:\PPT\TestDocx.pdf, filapath=E:\PPT\TestDocx.pdf
2017-01-10 16:22:20 Info http://localhost:8986/SelectPPT?filepath=E%3a%5cPPT%5cTestDocx.pdf
2017-01-10 16:22:20 Info args: E:\PPT\ruyi.pdf.
2017-01-10 16:22:20 Info strArg=E:\PPT\ruyi.pdf
2017-01-10 16:22:20 Info realpath=E:\PPT\ruyi.pdf
2017-01-10 16:22:20 Info strArg=E:\PPT\ruyi.pdf, filapath=E:\PPT\ruyi.pdf
2017-01-10 16:22:20 Info args: E:\PPT\TestDocx.docx.
2017-01-10 16:22:20 Info strArg=E:\PPT\TestDocx.docx
2017-01-10 16:22:20 Info realpath=E:\PPT\TestDocx.docx
2017-01-10 16:22:20 Info strArg=E:\PPT\TestDocx.docx, filapath=E:\PPT\TestDocx.docx
2017-01-10 16:22:20 Info http://localhost:8986/SelectPPT?filepath=E%3a%5cPPT%5cruyi.pdf
2017-01-10 16:22:20 Info http://localhost:8986/SelectPPT?filepath=E%3a%5cPPT%5cTestDocx.docx
2017-01-10 16:22:24 Info args: E:\PPT\演示课件《分米的认识》.ppt.
2017-01-10 16:22:24 Info strArg=E:\PPT\演示课件《分米的认识》.ppt
2017-01-10 16:22:24 Info realpath=E:\PPT\演示课件《分米的认识》.ppt
2017-01-10 16:22:24 Info strArg=E:\PPT\演示课件《分米的认识》.ppt, filapath=E:\PPT\演示课件《分米的认识》.ppt
2017-01-10 16:22:24 Info http://localhost:8986/SelectPPT?filepath=E%3a%5cPPT%5c%e6%bc%94%e7%a4%ba%e8%af%be%e4%bb%b6%e3%80%8a%e5%88%86%e7%b1%b3%e7%9a%84%e8%ae%a4%e8%af%86%e3%80%8b.ppt
2017-01-19 11:40:33 Info args: E:\PPT\演示课件《分米的认识》.ppt.
2017-01-19 11:40:33 Info strArg=E:\PPT\演示课件《分米的认识》.ppt
2017-01-19 11:40:33 Info realpath=E:\PPT\演示课件《分米的认识》.ppt
2017-01-19 11:40:33 Info strArg=E:\PPT\演示课件《分米的认识》.ppt, filapath=E:\PPT\演示课件《分米的认识》.ppt
2017-01-19 11:40:35 Info http://localhost:8986/SelectPPT?filepath=E%3a%5cPPT%5c%e6%bc%94%e7%a4%ba%e8%af%be%e4%bb%b6%e3%80%8a%e5%88%86%e7%b1%b3%e7%9a%84%e8%ae%a4%e8%af%86%e3%80%8b.ppt
2017-01-19 11:41:15 Info args: E:\PPT\五年级数学课件积的近似数.ppt.
2017-01-19 11:41:15 Info strArg=E:\PPT\五年级数学课件积的近似数.ppt
2017-01-19 11:41:15 Info realpath=E:\PPT\五年级数学课件积的近似数.ppt
2017-01-19 11:41:15 Info strArg=E:\PPT\五年级数学课件积的近似数.ppt, filapath=E:\PPT\五年级数学课件积的近似数.ppt
2017-01-19 11:41:15 Info http://localhost:8986/SelectPPT?filepath=E%3a%5cPPT%5c%e4%ba%94%e5%b9%b4%e7%ba%a7%e6%95%b0%e5%ad%a6%e8%af%be%e4%bb%b6%e7%a7%af%e7%9a%84%e8%bf%91%e4%bc%bc%e6%95%b0.ppt
2017-01-19 11:41:54 Info args: E:\PPT\纵横沟壑的黄土高原.pptx.
2017-01-19 11:41:54 Info strArg=E:\PPT\纵横沟壑的黄土高原.pptx
2017-01-19 11:41:54 Info realpath=E:\PPT\纵横沟壑的黄土高原.pptx
2017-01-19 11:41:54 Info strArg=E:\PPT\纵横沟壑的黄土高原.pptx, filapath=E:\PPT\纵横沟壑的黄土高原.pptx
2017-01-19 11:41:54 Info http://localhost:8986/SelectPPT?filepath=E%3a%5cPPT%5c%e7%ba%b5%e6%a8%aa%e6%b2%9f%e5%a3%91%e7%9a%84%e9%bb%84%e5%9c%9f%e9%ab%98%e5%8e%9f.pptx
2017-02-09 10:10:39 Info args: E:\PPT\纵横沟壑的黄土高原.pptx.
2017-02-09 10:10:40 Info strArg=E:\PPT\纵横沟壑的黄土高原.pptx
2017-02-09 10:10:40 Info realpath=E:\PPT\纵横沟壑的黄土高原.pptx
2017-02-09 10:10:40 Info strArg=E:\PPT\纵横沟壑的黄土高原.pptx, filapath=E:\PPT\纵横沟壑的黄土高原.pptx
2017-02-09 10:10:43 Info http://localhost:8986/SelectPPT?filepath=E%3a%5cPPT%5c%e7%ba%b5%e6%a8%aa%e6%b2%9f%e5%a3%91%e7%9a%84%e9%bb%84%e5%9c%9f%e9%ab%98%e5%8e%9f.pptx
2017-02-09 10:11:29 Info args: E:\PPT\白雪飘飘的北国.pptx.
2017-02-09 10:11:29 Info strArg=E:\PPT\白雪飘飘的北国.pptx
2017-02-09 10:11:29 Info realpath=E:\PPT\白雪飘飘的北国.pptx
2017-02-09 10:11:29 Info strArg=E:\PPT\白雪飘飘的北国.pptx, filapath=E:\PPT\白雪飘飘的北国.pptx
2017-02-09 10:11:29 Info http://localhost:8986/SelectPPT?filepath=E%3a%5cPPT%5c%e7%99%bd%e9%9b%aa%e9%a3%98%e9%a3%98%e7%9a%84%e5%8c%97%e5%9b%bd.pptx
2017-02-09 10:27:44 Info args: E:\PPT\纵横沟壑的黄土高原.pptx.
2017-02-09 10:27:44 Info strArg=E:\PPT\纵横沟壑的黄土高原.pptx
2017-02-09 10:27:44 Info realpath=E:\PPT\纵横沟壑的黄土高原.pptx
2017-02-09 10:27:44 Info strArg=E:\PPT\纵横沟壑的黄土高原.pptx, filapath=E:\PPT\纵横沟壑的黄土高原.pptx
2017-02-09 10:27:44 Info http://localhost:8986/SelectPPT?filepath=E%3a%5cPPT%5c%e7%ba%b5%e6%a8%aa%e6%b2%9f%e5%a3%91%e7%9a%84%e9%bb%84%e5%9c%9f%e9%ab%98%e5%8e%9f.pptx
2017-02-09 10:29:17 Info args: E:\PPT\人教版小学语文四年级下册第一课《古诗三首》（课件）.ppt.
2017-02-09 10:29:17 Info strArg=E:\PPT\人教版小学语文四年级下册第一课《古诗三首》（课件）.ppt
2017-02-09 10:29:17 Info realpath=E:\PPT\人教版小学语文四年级下册第一课《古诗三首》（课件）.ppt
2017-02-09 10:29:17 Info strArg=E:\PPT\人教版小学语文四年级下册第一课《古诗三首》（课件）.ppt, filapath=E:\PPT\人教版小学语文四年级下册第一课《古诗三首》（课件）.ppt
2017-02-09 10:29:17 Info http://localhost:8986/SelectPPT?filepath=E%3a%5cPPT%5c%e4%ba%ba%e6%95%99%e7%89%88%e5%b0%8f%e5%ad%a6%e8%af%ad%e6%96%87%e5%9b%9b%e5%b9%b4%e7%ba%a7%e4%b8%8b%e5%86%8c%e7%ac%ac%e4%b8%80%e8%af%be%e3%80%8a%e5%8f%a4%e8%af%97%e4%b8%89%e9%a6%96%e3%80%8b%ef%bc%88%e8%af%be%e4%bb%b6%ef%bc%89.ppt
2017-02-20 10:50:28 Info args: E:\PPT\video1.mov.
2017-02-20 10:50:28 Info strArg=E:\PPT\video1.mov
2017-02-20 10:50:28 Info realpath=E:\PPT\video1.mov
2017-02-20 10:50:28 Info strArg=E:\PPT\video1.mov, filapath=E:\PPT\video1.mov
2017-02-20 10:50:29 Info http://localhost:8986/SelectPPT?filepath=E%3a%5cPPT%5cvideo1.mov
2017-02-21 19:15:12 Info args: E:\PPT\video1.wmv.
2017-02-21 19:15:12 Info strArg=E:\PPT\video1.wmv
2017-02-21 19:15:12 Info realpath=E:\PPT\video1.wmv
2017-02-21 19:15:12 Info strArg=E:\PPT\video1.wmv, filapath=E:\PPT\video1.wmv
2017-02-21 19:15:13 Info http://localhost:8986/SelectPPT?filepath=E%3a%5cPPT%5cvideo1.wmv
2017-02-21 19:15:55 Info args: E:\PPT\video1.mov.
2017-02-21 19:15:55 Info strArg=E:\PPT\video1.mov
2017-02-21 19:15:55 Info realpath=E:\PPT\video1.mov
2017-02-21 19:15:55 Info strArg=E:\PPT\video1.mov, filapath=E:\PPT\video1.mov
2017-02-21 19:15:55 Info http://localhost:8986/SelectPPT?filepath=E%3a%5cPPT%5cvideo1.mov
2017-02-21 19:20:24 Info args: E:\PPT\视频文件\看透.
2017-02-21 19:20:25 Info args: -.
2017-02-21 19:20:25 Info args: 许茹芸.mp3.
2017-02-21 19:20:25 Info strArg=E:\PPT\视频文件\看透 - 许茹芸.mp3
2017-02-21 19:20:25 Info realpath=E:\PPT\视频文件\看透 - 许茹芸.mp3
2017-02-21 19:20:25 Info strArg=E:\PPT\视频文件\看透 - 许茹芸.mp3, filapath=E:\PPT\视频文件\看透 - 许茹芸.mp3
2017-02-21 19:20:25 Info http://localhost:8986/SelectPPT?filepath=E%3a%5cPPT%5c%e8%a7%86%e9%a2%91%e6%96%87%e4%bb%b6%5c%e7%9c%8b%e9%80%8f+-+%e8%ae%b8%e8%8c%b9%e8%8a%b8.mp3
2017-02-21 19:24:41 Info args: E:\PPT\视频文件\4.swf.
2017-02-21 19:24:41 Info strArg=E:\PPT\视频文件\4.swf
2017-02-21 19:24:41 Info realpath=E:\PPT\视频文件\4.swf
2017-02-21 19:24:41 Info strArg=E:\PPT\视频文件\4.swf, filapath=E:\PPT\视频文件\4.swf
2017-02-21 19:24:41 Info args: E:\PPT\视频文件\8.swf.
2017-02-21 19:24:41 Info strArg=E:\PPT\视频文件\8.swf
2017-02-21 19:24:41 Info realpath=E:\PPT\视频文件\8.swf
2017-02-21 19:24:41 Info strArg=E:\PPT\视频文件\8.swf, filapath=E:\PPT\视频文件\8.swf
2017-02-21 19:24:41 Info http://localhost:8986/SelectPPT?filepath=E%3a%5cPPT%5c%e8%a7%86%e9%a2%91%e6%96%87%e4%bb%b6%5c4.swf
2017-02-21 19:24:41 Info http://localhost:8986/SelectPPT?filepath=E%3a%5cPPT%5c%e8%a7%86%e9%a2%91%e6%96%87%e4%bb%b6%5c8.swf
2017-02-21 19:28:19 Info args: E:\PPT\视频文件\8.swf.
2017-02-21 19:28:20 Info strArg=E:\PPT\视频文件\8.swf
2017-02-21 19:28:20 Info realpath=E:\PPT\视频文件\8.swf
2017-02-21 19:28:20 Info strArg=E:\PPT\视频文件\8.swf, filapath=E:\PPT\视频文件\8.swf
2017-02-21 19:28:20 Info http://localhost:8986/SelectPPT?filepath=E%3a%5cPPT%5c%e8%a7%86%e9%a2%91%e6%96%87%e4%bb%b6%5c8.swf
2017-02-21 19:30:32 Info args: D:\APP\RuyiHelper_v1.6.0\RuyiHelperApp\Resources\flash.png.
2017-02-21 19:30:32 Info strArg=D:\APP\RuyiHelper_v1.6.0\RuyiHelperApp\Resources\flash.png
2017-02-21 19:30:32 Info realpath=D:\APP\RuyiHelper_v1.6.0\RuyiHelperApp\Resources\flash.png
2017-02-21 19:30:32 Info strArg=D:\APP\RuyiHelper_v1.6.0\RuyiHelperApp\Resources\flash.png, filapath=D:\APP\RuyiHelper_v1.6.0\RuyiHelperApp\Resources\flash.png
2017-02-21 19:30:32 Info http://localhost:8986/SelectPPT?filepath=D%3a%5cAPP%5cRuyiHelper_v1.6.0%5cRuyiHelperApp%5cResources%5cflash.png
2017-03-07 16:12:34 Info args: E:\PPT\TestDoc.doc.
2017-03-07 16:12:34 Info strArg=E:\PPT\TestDoc.doc
2017-03-07 16:12:34 Info realpath=E:\PPT\TestDoc.doc
2017-03-07 16:12:34 Info strArg=E:\PPT\TestDoc.doc, filapath=E:\PPT\TestDoc.doc
2017-03-07 16:12:34 Info http://localhost:8986/SelectPPT?filepath=E%3a%5cPPT%5cTestDoc.doc
2017-03-07 16:20:21 Info args: E:\PPT\TestDocx.docx.
2017-03-07 16:20:21 Info strArg=E:\PPT\TestDocx.docx
2017-03-07 16:20:21 Info realpath=E:\PPT\TestDocx.docx
2017-03-07 16:20:21 Info strArg=E:\PPT\TestDocx.docx, filapath=E:\PPT\TestDocx.docx
2017-03-07 16:20:21 Info http://localhost:8986/SelectPPT?filepath=E%3a%5cPPT%5cTestDocx.docx
2017-03-09 10:40:01 Info args: E:\image\b42.jpg.
2017-03-09 10:40:01 Info strArg=E:\image\b42.jpg
2017-03-09 10:40:01 Info realpath=E:\image\b42.jpg
2017-03-09 10:40:01 Info strArg=E:\image\b42.jpg, filapath=E:\image\b42.jpg
2017-03-09 10:40:01 Info http://localhost:8986/SelectPPT?filepath=E%3a%5cimage%5cb42.jpg
2017-03-09 10:47:20 Info args: E:\image\b42.jpg.
2017-03-09 10:47:20 Info strArg=E:\image\b42.jpg
2017-03-09 10:47:20 Info realpath=E:\image\b42.jpg
2017-03-09 10:47:20 Info strArg=E:\image\b42.jpg, filapath=E:\image\b42.jpg
2017-03-09 10:47:20 Info http://localhost:8986/SelectPPT?filepath=E%3a%5cimage%5cb42.jpg
2017-05-24 17:43:19 Info args: D:\movie\[阳光电影www.ygdy8.com].雄狮.HD.720p.中英双字幕.rmvb.
2017-05-24 17:43:19 Info strArg=D:\movie\[阳光电影www.ygdy8.com].雄狮.HD.720p.中英双字幕.rmvb
2017-05-24 17:43:19 Info realpath=D:\movie\[阳光电影www.ygdy8.com].雄狮.HD.720p.中英双字幕.rmvb
2017-05-24 17:43:19 Info strArg=D:\movie\[阳光电影www.ygdy8.com].雄狮.HD.720p.中英双字幕.rmvb, filapath=D:\movie\[阳光电影www.ygdy8.com].雄狮.HD.720p.中英双字幕.rmvb
2017-05-24 17:43:39 Info args: D:\movie\[阳光电影www.ygdy8.com].沉默.BD.720p.中英双字幕.mkv.
2017-05-24 17:43:39 Info strArg=D:\movie\[阳光电影www.ygdy8.com].沉默.BD.720p.中英双字幕.mkv
2017-05-24 17:43:39 Info realpath=D:\movie\[阳光电影www.ygdy8.com].沉默.BD.720p.中英双字幕.mkv
2017-05-24 17:43:39 Info strArg=D:\movie\[阳光电影www.ygdy8.com].沉默.BD.720p.中英双字幕.mkv, filapath=D:\movie\[阳光电影www.ygdy8.com].沉默.BD.720p.中英双字幕.mkv
2017-05-24 17:44:09 Info args: D:\安装配置指南.docx.
2017-05-24 17:44:09 Info strArg=D:\安装配置指南.docx
2017-05-24 17:44:09 Info realpath=D:\安装配置指南.docx
2017-05-24 17:44:09 Info strArg=D:\安装配置指南.docx, filapath=D:\安装配置指南.docx
2017-05-24 17:44:09 Info http://localhost:8986/SelectPPT?filepath=D%3a%5c%e5%ae%89%e8%a3%85%e9%85%8d%e7%bd%ae%e6%8c%87%e5%8d%97.docx
2017-05-24 18:58:18 Info args: D:\安装配置指南.docx.
2017-05-24 18:58:18 Info strArg=D:\安装配置指南.docx
2017-05-24 18:58:18 Info realpath=D:\安装配置指南.docx
2017-05-24 18:58:18 Info strArg=D:\安装配置指南.docx, filapath=D:\安装配置指南.docx
2017-05-24 18:58:18 Info http://localhost:8986/SelectPPT?filepath=D%3a%5c%e5%ae%89%e8%a3%85%e9%85%8d%e7%bd%ae%e6%8c%87%e5%8d%97.docx
2017-05-24 19:37:34 Info args: C:\Users\admin\Desktop\ss.pptx.
2017-05-24 19:37:34 Info strArg=C:\Users\admin\Desktop\ss.pptx
2017-05-24 19:37:34 Info realpath=C:\Users\admin\Desktop\ss.pptx
2017-05-24 19:37:34 Info strArg=C:\Users\admin\Desktop\ss.pptx, filapath=C:\Users\admin\Desktop\ss.pptx
2017-05-24 19:37:35 Info http://localhost:8986/SelectPPT?filepath=C%3a%5cUsers%5cadmin%5cDesktop%5css.pptx
2017-05-24 19:47:25 Info args: C:\Users\admin\Desktop\ss.pptx.
2017-05-24 19:47:25 Info strArg=C:\Users\admin\Desktop\ss.pptx
2017-05-24 19:47:25 Info realpath=C:\Users\admin\Desktop\ss.pptx
2017-05-24 19:47:25 Info strArg=C:\Users\admin\Desktop\ss.pptx, filapath=C:\Users\admin\Desktop\ss.pptx
2017-05-24 19:47:25 Info http://localhost:8986/SelectPPT?filepath=C%3a%5cUsers%5cadmin%5cDesktop%5css.pptx
2017-05-24 20:02:56 Info args: C:\Users\admin\Desktop\ss.pptx.
2017-05-24 20:02:56 Info strArg=C:\Users\admin\Desktop\ss.pptx
2017-05-24 20:02:56 Info realpath=C:\Users\admin\Desktop\ss.pptx
2017-05-24 20:02:56 Info strArg=C:\Users\admin\Desktop\ss.pptx, filapath=C:\Users\admin\Desktop\ss.pptx
2017-05-24 20:02:56 Info http://localhost:8986/SelectPPT?filepath=C%3a%5cUsers%5cadmin%5cDesktop%5css.pptx
2017-05-24 20:12:25 Info args: C:\Users\admin\Desktop\ss.pptx.
2017-05-24 20:12:25 Info strArg=C:\Users\admin\Desktop\ss.pptx
2017-05-24 20:12:25 Info realpath=C:\Users\admin\Desktop\ss.pptx
2017-05-24 20:12:25 Info strArg=C:\Users\admin\Desktop\ss.pptx, filapath=C:\Users\admin\Desktop\ss.pptx
2017-05-24 20:12:25 Info http://localhost:8986/SelectPPT?filepath=C%3a%5cUsers%5cadmin%5cDesktop%5css.pptx
2017-05-31 14:04:55 Info args: C:\Users\admin\Desktop\ss.pptx.
2017-05-31 14:04:55 Info strArg=C:\Users\admin\Desktop\ss.pptx
2017-05-31 14:04:55 Info realpath=C:\Users\admin\Desktop\ss.pptx
2017-05-31 14:04:55 Info strArg=C:\Users\admin\Desktop\ss.pptx, filapath=C:\Users\admin\Desktop\ss.pptx
2017-05-31 14:04:55 Info http://localhost:8986/SelectPPT?filepath=C%3a%5cUsers%5cadmin%5cDesktop%5css.pptx
2017-06-09 11:02:54 Info args: C:\Users\admin\Desktop\PPT\五年级下册数学课件_众数.ppt.
2017-06-09 11:02:54 Info strArg=C:\Users\admin\Desktop\PPT\五年级下册数学课件_众数.ppt
2017-06-09 11:02:54 Info realpath=C:\Users\admin\Desktop\PPT\五年级下册数学课件_众数.ppt
2017-06-09 11:02:54 Info strArg=C:\Users\admin\Desktop\PPT\五年级下册数学课件_众数.ppt, filapath=C:\Users\admin\Desktop\PPT\五年级下册数学课件_众数.ppt
2017-06-09 11:02:55 Info http://localhost:8986/SelectPPT?filepath=C%3a%5cUsers%5cadmin%5cDesktop%5cPPT%5c%e4%ba%94%e5%b9%b4%e7%ba%a7%e4%b8%8b%e5%86%8c%e6%95%b0%e5%ad%a6%e8%af%be%e4%bb%b6_%e4%bc%97%e6%95%b0.ppt
2017-06-09 11:09:12 Info args: C:\Users\admin\Desktop\ss.pptx.
2017-06-09 11:09:12 Info strArg=C:\Users\admin\Desktop\ss.pptx
2017-06-09 11:09:12 Info realpath=C:\Users\admin\Desktop\ss.pptx
2017-06-09 11:09:12 Info strArg=C:\Users\admin\Desktop\ss.pptx, filapath=C:\Users\admin\Desktop\ss.pptx
2017-06-09 11:09:13 Info http://localhost:8986/SelectPPT?filepath=C%3a%5cUsers%5cadmin%5cDesktop%5css.pptx
2017-06-09 11:09:49 Info args: C:\Users\admin\Desktop\PPT\五年级数学课件积的近似数.ppt.
2017-06-09 11:09:49 Info strArg=C:\Users\admin\Desktop\PPT\五年级数学课件积的近似数.ppt
2017-06-09 11:09:49 Info realpath=C:\Users\admin\Desktop\PPT\五年级数学课件积的近似数.ppt
2017-06-09 11:09:49 Info strArg=C:\Users\admin\Desktop\PPT\五年级数学课件积的近似数.ppt, filapath=C:\Users\admin\Desktop\PPT\五年级数学课件积的近似数.ppt
2017-06-09 11:09:50 Info http://localhost:8986/SelectPPT?filepath=C%3a%5cUsers%5cadmin%5cDesktop%5cPPT%5c%e4%ba%94%e5%b9%b4%e7%ba%a7%e6%95%b0%e5%ad%a6%e8%af%be%e4%bb%b6%e7%a7%af%e7%9a%84%e8%bf%91%e4%bc%bc%e6%95%b0.ppt
2017-06-09 11:27:34 Info args: C:\Users\admin\Desktop\PPT\五年级数学课件积的近似数.ppt.
2017-06-09 11:27:34 Info strArg=C:\Users\admin\Desktop\PPT\五年级数学课件积的近似数.ppt
2017-06-09 11:27:34 Info realpath=C:\Users\admin\Desktop\PPT\五年级数学课件积的近似数.ppt
2017-06-09 11:27:34 Info strArg=C:\Users\admin\Desktop\PPT\五年级数学课件积的近似数.ppt, filapath=C:\Users\admin\Desktop\PPT\五年级数学课件积的近似数.ppt
2017-06-09 11:27:35 Info http://localhost:8986/SelectPPT?filepath=C%3a%5cUsers%5cadmin%5cDesktop%5cPPT%5c%e4%ba%94%e5%b9%b4%e7%ba%a7%e6%95%b0%e5%ad%a6%e8%af%be%e4%bb%b6%e7%a7%af%e7%9a%84%e8%bf%91%e4%bc%bc%e6%95%b0.ppt
2017-06-15 16:50:50 Info args: C:\Users\admin\Desktop\ss.pptx.
2017-06-15 16:50:50 Info strArg=C:\Users\admin\Desktop\ss.pptx
2017-06-15 16:50:50 Info realpath=C:\Users\admin\Desktop\ss.pptx
2017-06-15 16:50:50 Info strArg=C:\Users\admin\Desktop\ss.pptx, filapath=C:\Users\admin\Desktop\ss.pptx
2017-06-15 16:50:50 Info http://localhost:8986/SelectPPT?filepath=C%3a%5cUsers%5cadmin%5cDesktop%5css.pptx
2017-06-15 17:14:19 Info args: C:\Users\admin\Desktop\ss.pptx.
2017-06-15 17:14:19 Info strArg=C:\Users\admin\Desktop\ss.pptx
2017-06-15 17:14:19 Info realpath=C:\Users\admin\Desktop\ss.pptx
2017-06-15 17:14:19 Info strArg=C:\Users\admin\Desktop\ss.pptx, filapath=C:\Users\admin\Desktop\ss.pptx
2017-06-15 17:14:19 Info http://localhost:8986/SelectPPT?filepath=C%3a%5cUsers%5cadmin%5cDesktop%5css.pptx
2017-06-15 17:18:20 Info args: C:\Users\admin\Desktop\ss.pptx.
2017-06-15 17:18:20 Info strArg=C:\Users\admin\Desktop\ss.pptx
2017-06-15 17:18:20 Info realpath=C:\Users\admin\Desktop\ss.pptx
2017-06-15 17:18:20 Info strArg=C:\Users\admin\Desktop\ss.pptx, filapath=C:\Users\admin\Desktop\ss.pptx
2017-06-15 17:18:20 Info http://localhost:8986/SelectPPT?filepath=C%3a%5cUsers%5cadmin%5cDesktop%5css.pptx
2017-06-15 17:22:13 Info args: C:\Users\admin\Desktop\ss.pptx.
2017-06-15 17:22:13 Info strArg=C:\Users\admin\Desktop\ss.pptx
2017-06-15 17:22:13 Info realpath=C:\Users\admin\Desktop\ss.pptx
2017-06-15 17:22:13 Info strArg=C:\Users\admin\Desktop\ss.pptx, filapath=C:\Users\admin\Desktop\ss.pptx
2017-06-15 17:22:13 Info http://localhost:8986/SelectPPT?filepath=C%3a%5cUsers%5cadmin%5cDesktop%5css.pptx
2017-06-15 17:28:00 Info args: C:\Users\admin\Desktop\PPT\五年级下册数学课件_众数.ppt.
2017-06-15 17:28:00 Info strArg=C:\Users\admin\Desktop\PPT\五年级下册数学课件_众数.ppt
2017-06-15 17:28:00 Info realpath=C:\Users\admin\Desktop\PPT\五年级下册数学课件_众数.ppt
2017-06-15 17:28:00 Info strArg=C:\Users\admin\Desktop\PPT\五年级下册数学课件_众数.ppt, filapath=C:\Users\admin\Desktop\PPT\五年级下册数学课件_众数.ppt
2017-06-15 17:28:00 Info http://localhost:8986/SelectPPT?filepath=C%3a%5cUsers%5cadmin%5cDesktop%5cPPT%5c%e4%ba%94%e5%b9%b4%e7%ba%a7%e4%b8%8b%e5%86%8c%e6%95%b0%e5%ad%a6%e8%af%be%e4%bb%b6_%e4%bc%97%e6%95%b0.ppt
2017-06-15 17:30:33 Info args: C:\Users\admin\Desktop\ss.pptx.
2017-06-15 17:30:33 Info strArg=C:\Users\admin\Desktop\ss.pptx
2017-06-15 17:30:33 Info realpath=C:\Users\admin\Desktop\ss.pptx
2017-06-15 17:30:33 Info strArg=C:\Users\admin\Desktop\ss.pptx, filapath=C:\Users\admin\Desktop\ss.pptx
2017-06-15 17:30:33 Info http://localhost:8986/SelectPPT?filepath=C%3a%5cUsers%5cadmin%5cDesktop%5css.pptx
2017-06-15 17:30:46 Info args: C:\Users\admin\Desktop\PPT\五年级数学课件积的近似数.ppt.
2017-06-15 17:30:46 Info strArg=C:\Users\admin\Desktop\PPT\五年级数学课件积的近似数.ppt
2017-06-15 17:30:46 Info realpath=C:\Users\admin\Desktop\PPT\五年级数学课件积的近似数.ppt
2017-06-15 17:30:46 Info strArg=C:\Users\admin\Desktop\PPT\五年级数学课件积的近似数.ppt, filapath=C:\Users\admin\Desktop\PPT\五年级数学课件积的近似数.ppt
2017-06-15 17:30:46 Info http://localhost:8986/SelectPPT?filepath=C%3a%5cUsers%5cadmin%5cDesktop%5cPPT%5c%e4%ba%94%e5%b9%b4%e7%ba%a7%e6%95%b0%e5%ad%a6%e8%af%be%e4%bb%b6%e7%a7%af%e7%9a%84%e8%bf%91%e4%bc%bc%e6%95%b0.ppt
2017-06-15 17:33:18 Info args: C:\Users\admin\Desktop\PPT\desktop.jpg.
2017-06-15 17:33:18 Info strArg=C:\Users\admin\Desktop\PPT\desktop.jpg
2017-06-15 17:33:18 Info realpath=C:\Users\admin\Desktop\PPT\desktop.jpg
2017-06-15 17:33:18 Info strArg=C:\Users\admin\Desktop\PPT\desktop.jpg, filapath=C:\Users\admin\Desktop\PPT\desktop.jpg
2017-06-15 17:33:18 Info http://localhost:8986/SelectPPT?filepath=C%3a%5cUsers%5cadmin%5cDesktop%5cPPT%5cdesktop.jpg
2017-06-15 17:41:52 Info args: C:\Users\admin\Desktop\PPT\五年级下册数学课件_众数.PPT.
2017-06-15 17:41:52 Info strArg=C:\Users\admin\Desktop\PPT\五年级下册数学课件_众数.PPT
2017-06-15 17:41:52 Info realpath=C:\Users\admin\Desktop\PPT\五年级下册数学课件_众数.PPT
2017-06-15 17:41:52 Info strArg=C:\Users\admin\Desktop\PPT\五年级下册数学课件_众数.PPT, filapath=C:\Users\admin\Desktop\PPT\五年级下册数学课件_众数.PPT
2017-06-15 17:41:53 Info http://localhost:8986/SelectPPT?filepath=C%3a%5cUsers%5cadmin%5cDesktop%5cPPT%5c%e4%ba%94%e5%b9%b4%e7%ba%a7%e4%b8%8b%e5%86%8c%e6%95%b0%e5%ad%a6%e8%af%be%e4%bb%b6_%e4%bc%97%e6%95%b0.PPT
2017-06-15 18:10:14 Info args: C:\Users\admin\Desktop\PPT\五年级数学课件积的近似数.ppt.
2017-06-15 18:10:14 Info strArg=C:\Users\admin\Desktop\PPT\五年级数学课件积的近似数.ppt
2017-06-15 18:10:14 Info realpath=C:\Users\admin\Desktop\PPT\五年级数学课件积的近似数.ppt
2017-06-15 18:10:14 Info strArg=C:\Users\admin\Desktop\PPT\五年级数学课件积的近似数.ppt, filapath=C:\Users\admin\Desktop\PPT\五年级数学课件积的近似数.ppt
2017-06-15 18:10:14 Info http://localhost:8986/SelectPPT?filepath=C%3a%5cUsers%5cadmin%5cDesktop%5cPPT%5c%e4%ba%94%e5%b9%b4%e7%ba%a7%e6%95%b0%e5%ad%a6%e8%af%be%e4%bb%b6%e7%a7%af%e7%9a%84%e8%bf%91%e4%bc%bc%e6%95%b0.ppt
2017-06-15 18:12:14 Info args: C:\Users\admin\Desktop\PPT\五年级数学课件积的近似数.ppt.
2017-06-15 18:12:14 Info strArg=C:\Users\admin\Desktop\PPT\五年级数学课件积的近似数.ppt
2017-06-15 18:12:14 Info realpath=C:\Users\admin\Desktop\PPT\五年级数学课件积的近似数.ppt
2017-06-15 18:12:14 Info strArg=C:\Users\admin\Desktop\PPT\五年级数学课件积的近似数.ppt, filapath=C:\Users\admin\Desktop\PPT\五年级数学课件积的近似数.ppt
2017-06-15 18:12:14 Info http://localhost:8986/SelectPPT?filepath=C%3a%5cUsers%5cadmin%5cDesktop%5cPPT%5c%e4%ba%94%e5%b9%b4%e7%ba%a7%e6%95%b0%e5%ad%a6%e8%af%be%e4%bb%b6%e7%a7%af%e7%9a%84%e8%bf%91%e4%bc%bc%e6%95%b0.ppt
2017-06-15 18:13:02 Info args: C:\Users\admin\Desktop\PPT\五年级数学课件积的近似数.ppt.
2017-06-15 18:13:02 Info strArg=C:\Users\admin\Desktop\PPT\五年级数学课件积的近似数.ppt
2017-06-15 18:13:02 Info realpath=C:\Users\admin\Desktop\PPT\五年级数学课件积的近似数.ppt
2017-06-15 18:13:02 Info strArg=C:\Users\admin\Desktop\PPT\五年级数学课件积的近似数.ppt, filapath=C:\Users\admin\Desktop\PPT\五年级数学课件积的近似数.ppt
2017-06-15 18:13:02 Info http://localhost:8986/SelectPPT?filepath=C%3a%5cUsers%5cadmin%5cDesktop%5cPPT%5c%e4%ba%94%e5%b9%b4%e7%ba%a7%e6%95%b0%e5%ad%a6%e8%af%be%e4%bb%b6%e7%a7%af%e7%9a%84%e8%bf%91%e4%bc%bc%e6%95%b0.ppt
2017-06-30 11:49:11 Info args: C:\Users\admin\Desktop\ss.pptx.
2017-06-30 11:49:11 Info strArg=C:\Users\admin\Desktop\ss.pptx
2017-06-30 11:49:11 Info realpath=C:\Users\admin\Desktop\ss.pptx
2017-06-30 11:49:11 Info strArg=C:\Users\admin\Desktop\ss.pptx, filapath=C:\Users\admin\Desktop\ss.pptx
2017-06-30 11:49:11 Info http://localhost:8986/SelectPPT?filepath=C%3a%5cUsers%5cadmin%5cDesktop%5css.pptx
2017-07-27 16:04:29 Info args: C:\Users\admin\Desktop\ss.pptx.
2017-07-27 16:04:29 Info strArg=C:\Users\admin\Desktop\ss.pptx
2017-07-27 16:04:29 Info realpath=C:\Users\admin\Desktop\ss.pptx
2017-07-27 16:04:29 Info strArg=C:\Users\admin\Desktop\ss.pptx, filapath=C:\Users\admin\Desktop\ss.pptx
2017-07-27 16:04:29 Info http://localhost:8986/SelectPPT?filepath=C%3a%5cUsers%5cadmin%5cDesktop%5css.pptx
2017-07-28 10:36:42 Info args: C:\Users\admin\Desktop\如e智慧教学系统问答题.docx.
2017-07-28 10:36:42 Info strArg=C:\Users\admin\Desktop\如e智慧教学系统问答题.docx
2017-07-28 10:36:42 Info realpath=C:\Users\admin\Desktop\如e智慧教学系统问答题.docx
2017-07-28 10:36:42 Info strArg=C:\Users\admin\Desktop\如e智慧教学系统问答题.docx, filapath=C:\Users\admin\Desktop\如e智慧教学系统问答题.docx
2017-07-28 10:36:42 Info http://localhost:8986/SelectPPT?filepath=C%3a%5cUsers%5cadmin%5cDesktop%5c%e5%a6%82e%e6%99%ba%e6%85%a7%e6%95%99%e5%ad%a6%e7%b3%bb%e7%bb%9f%e9%97%ae%e7%ad%94%e9%a2%98.docx
2017-07-28 10:36:48 Info args: C:\Users\admin\Desktop\组网方案.pptx.
2017-07-28 10:36:48 Info strArg=C:\Users\admin\Desktop\组网方案.pptx
2017-07-28 10:36:48 Info realpath=C:\Users\admin\Desktop\组网方案.pptx
2017-07-28 10:36:48 Info strArg=C:\Users\admin\Desktop\组网方案.pptx, filapath=C:\Users\admin\Desktop\组网方案.pptx
2017-07-28 10:36:48 Info http://localhost:8986/SelectPPT?filepath=C%3a%5cUsers%5cadmin%5cDesktop%5c%e7%bb%84%e7%bd%91%e6%96%b9%e6%a1%88.pptx
2017-07-28 10:37:28 Info args: C:\Users\admin\Desktop\组网方案.pptx.
2017-07-28 10:37:28 Info strArg=C:\Users\admin\Desktop\组网方案.pptx
2017-07-28 10:37:28 Info realpath=C:\Users\admin\Desktop\组网方案.pptx
2017-07-28 10:37:28 Info strArg=C:\Users\admin\Desktop\组网方案.pptx, filapath=C:\Users\admin\Desktop\组网方案.pptx
2017-07-28 10:37:28 Info http://localhost:8986/SelectPPT?filepath=C%3a%5cUsers%5cadmin%5cDesktop%5c%e7%bb%84%e7%bd%91%e6%96%b9%e6%a1%88.pptx
2017-07-28 10:37:59 Info args: C:\Users\admin\Desktop\组网方案.pptx.
2017-07-28 10:37:59 Info strArg=C:\Users\admin\Desktop\组网方案.pptx
2017-07-28 10:37:59 Info realpath=C:\Users\admin\Desktop\组网方案.pptx
2017-07-28 10:37:59 Info strArg=C:\Users\admin\Desktop\组网方案.pptx, filapath=C:\Users\admin\Desktop\组网方案.pptx
2017-07-28 10:37:59 Info http://localhost:8986/SelectPPT?filepath=C%3a%5cUsers%5cadmin%5cDesktop%5c%e7%bb%84%e7%bd%91%e6%96%b9%e6%a1%88.pptx
2017-07-28 10:39:13 Info args: C:\Users\admin\Desktop\组网方案.pptx.
2017-07-28 10:39:13 Info strArg=C:\Users\admin\Desktop\组网方案.pptx
2017-07-28 10:39:13 Info realpath=C:\Users\admin\Desktop\组网方案.pptx
2017-07-28 10:39:13 Info strArg=C:\Users\admin\Desktop\组网方案.pptx, filapath=C:\Users\admin\Desktop\组网方案.pptx
2017-07-28 10:39:13 Info http://localhost:8986/SelectPPT?filepath=C%3a%5cUsers%5cadmin%5cDesktop%5c%e7%bb%84%e7%bd%91%e6%96%b9%e6%a1%88.pptx
2017-07-28 10:39:45 Info args: C:\Users\admin\Desktop\组网方案.pptx.
2017-07-28 10:39:45 Info strArg=C:\Users\admin\Desktop\组网方案.pptx
2017-07-28 10:39:45 Info realpath=C:\Users\admin\Desktop\组网方案.pptx
2017-07-28 10:39:45 Info strArg=C:\Users\admin\Desktop\组网方案.pptx, filapath=C:\Users\admin\Desktop\组网方案.pptx
2017-07-28 10:39:45 Info http://localhost:8986/SelectPPT?filepath=C%3a%5cUsers%5cadmin%5cDesktop%5c%e7%bb%84%e7%bd%91%e6%96%b9%e6%a1%88.pptx
2017-07-28 10:41:06 Info args: C:\Users\admin\Desktop\组网方案.pptx.
2017-07-28 10:41:06 Info strArg=C:\Users\admin\Desktop\组网方案.pptx
2017-07-28 10:41:06 Info realpath=C:\Users\admin\Desktop\组网方案.pptx
2017-07-28 10:41:06 Info strArg=C:\Users\admin\Desktop\组网方案.pptx, filapath=C:\Users\admin\Desktop\组网方案.pptx
2017-07-28 10:41:06 Info http://localhost:8986/SelectPPT?filepath=C%3a%5cUsers%5cadmin%5cDesktop%5c%e7%bb%84%e7%bd%91%e6%96%b9%e6%a1%88.pptx
2017-08-14 12:02:05 Info args: C:\Users\admin\Desktop\组网方案.pptx.
2017-08-14 12:02:06 Info strArg=C:\Users\admin\Desktop\组网方案.pptx
2017-08-14 12:02:06 Info realpath=C:\Users\admin\Desktop\组网方案.pptx
2017-08-14 12:02:06 Info strArg=C:\Users\admin\Desktop\组网方案.pptx, filapath=C:\Users\admin\Desktop\组网方案.pptx
2017-08-14 12:02:06 Info http://localhost:8986/SelectPPT?filepath=C%3a%5cUsers%5cadmin%5cDesktop%5c%e7%bb%84%e7%bd%91%e6%96%b9%e6%a1%88.pptx
2017-08-15 19:35:49 Info args: C:\Users\admin\Desktop\组网方案.pptx.
2017-08-15 19:35:49 Info strArg=C:\Users\admin\Desktop\组网方案.pptx
2017-08-15 19:35:49 Info realpath=C:\Users\admin\Desktop\组网方案.pptx
2017-08-15 19:35:49 Info strArg=C:\Users\admin\Desktop\组网方案.pptx, filapath=C:\Users\admin\Desktop\组网方案.pptx
2017-08-15 19:35:51 Info http://localhost:8986/SelectPPT?filepath=C%3a%5cUsers%5cadmin%5cDesktop%5c%e7%bb%84%e7%bd%91%e6%96%b9%e6%a1%88.pptx
